Started GET "/" for 127.0.0.1 at 2020-03-27 09:13:38 -0700
DEPRECATION WARNING: ActiveRecord::Base.raise_in_transactional_callbacks= is deprecated, has no effect and will be removed without replacement. (called from block (3 levels) in <class:Railtie> at /Users/shaphenpangburn/.rbenv/versions/2.5.1/lib/ruby/gems/2.5.0/gems/activerecord-5.0.7.2/lib/active_record/railtie.rb:113)
Processing by StaticPagesController#index as HTML
  Rendering static_pages/index.html.erb within layouts/application
  Rendered shared/_main_nav.html.erb (0.5ms)
  Rendered shared/_masthead.html.erb (0.3ms)
  Rendered shared/_sections_nav.html.erb (4.0ms)
  Rendered shared/_search_modal.html.erb (1.0ms)
  Rendered shared/_main_content.html.erb (0.3ms)
  Rendered static_pages/index.html.erb within layouts/application (58.2ms)
Completed 200 OK in 1048ms (Views: 1037.5ms | ActiveRecord: 0.0ms)


Started GET "/assets/components/dropdown.self-815016af6fab1d5b72abd319213bf62f0c42bab2c585d2e059543ae704a0d74c.js?body=1" for 127.0.0.1 at 2020-03-27 09:13:40 -0700
Started GET "/assets/application.self-891bd323a21604d6da3d7845c19303f8b7de0a5385c098fe5dbc747c583fe78b.css?body=1" for 127.0.0.1 at 2020-03-27 09:13:40 -0700
Started GET "/assets/jquery.self-bd7ddd393353a8d2480a622e80342adf488fb6006d667e8b42e4c0073393abee.js?body=1" for 127.0.0.1 at 2020-03-27 09:13:40 -0700
Started GET "/assets/components/modal.self-52188644dbb47def5ee35ae02e69eb567ca9b664472357a8a5789dd39032a265.js?body=1" for 127.0.0.1 at 2020-03-27 09:13:40 -0700
Started GET "/assets/components/sidebar.self-2a1277f850a6fa21e1a974ef5152f177ac05516477d5081d593bb137b3d6808b.js?body=1" for 127.0.0.1 at 2020-03-27 09:13:40 -0700
Started GET "/assets/application.self-f571b9db02bf4ed04c38a6a29072ac382f7d4f47db1fab9817aeadb0d8665235.js?body=1" for 127.0.0.1 at 2020-03-27 09:13:40 -0700
Started GET "/assets/jquery_ujs.self-784a997f6726036b1993eb2217c9cb558e1cbb801c6da88105588c56f13b466a.js?body=1" for 127.0.0.1 at 2020-03-27 09:13:40 -0700
Started GET "/" for 127.0.0.1 at 2020-03-27 09:13:45 -0700
Processing by StaticPagesController#index as HTML
  Rendering static_pages/index.html.erb within layouts/application
  Rendered shared/_main_nav.html.erb (0.4ms)
  Rendered shared/_masthead.html.erb (1.5ms)
  Rendered shared/_sections_nav.html.erb (1.6ms)
  Rendered shared/_search_modal.html.erb (0.4ms)
  Rendered shared/_main_content.html.erb (3.9ms)
  Rendered static_pages/index.html.erb within layouts/application (94.5ms)
Completed 200 OK in 352ms (Views: 325.3ms | ActiveRecord: 0.0ms)


Started GET "/" for 127.0.0.1 at 2020-03-27 09:16:29 -0700
Processing by StaticPagesController#index as HTML
  Rendering static_pages/index.html.erb within layouts/application
  Rendered shared/_main_nav.html.erb (0.6ms)
  Rendered shared/_masthead.html.erb (0.3ms)
  Rendered shared/_sections_nav.html.erb (1.1ms)
  Rendered shared/_search_modal.html.erb (0.4ms)
  Rendered shared/_main_content.html.erb (0.3ms)
  Rendered static_pages/index.html.erb within layouts/application (50.0ms)
Completed 200 OK in 136ms (Views: 108.7ms | ActiveRecord: 0.0ms)


Started GET "/" for 127.0.0.1 at 2020-03-27 09:17:05 -0700
Processing by StaticPagesController#index as HTML
  Rendering static_pages/index.html.erb within layouts/application
  Rendered shared/_main_nav.html.erb (0.6ms)
  Rendered shared/_masthead.html.erb (0.3ms)
  Rendered shared/_sections_nav.html.erb (2.4ms)
  Rendered shared/_search_modal.html.erb (1.0ms)
  Rendered shared/_main_content.html.erb (0.5ms)
  Rendered static_pages/index.html.erb within layouts/application (39.7ms)
Completed 200 OK in 95ms (Views: 89.0ms | ActiveRecord: 0.0ms)


Started GET "/" for ::1 at 2020-03-27 09:17:33 -0700
Processing by StaticPagesController#index as HTML
  Rendering static_pages/index.html.erb within layouts/application
  Rendered shared/_main_nav.html.erb (1.2ms)
  Rendered shared/_masthead.html.erb (0.4ms)
  Rendered shared/_sections_nav.html.erb (0.7ms)
  Rendered shared/_search_modal.html.erb (1.2ms)
  Rendered shared/_main_content.html.erb (0.3ms)
  Rendered static_pages/index.html.erb within layouts/application (108.2ms)
Completed 200 OK in 214ms (Views: 203.2ms | ActiveRecord: 0.0ms)


Started GET "/assets/application.self-891bd323a21604d6da3d7845c19303f8b7de0a5385c098fe5dbc747c583fe78b.css?body=1" for ::1 at 2020-03-27 09:17:34 -0700
Started GET "/assets/jquery.self-bd7ddd393353a8d2480a622e80342adf488fb6006d667e8b42e4c0073393abee.js?body=1" for ::1 at 2020-03-27 09:17:34 -0700
Started GET "/assets/jquery_ujs.self-784a997f6726036b1993eb2217c9cb558e1cbb801c6da88105588c56f13b466a.js?body=1" for ::1 at 2020-03-27 09:17:34 -0700
Started GET "/assets/components/dropdown.self-815016af6fab1d5b72abd319213bf62f0c42bab2c585d2e059543ae704a0d74c.js?body=1" for ::1 at 2020-03-27 09:17:34 -0700
Started GET "/assets/components/modal.self-52188644dbb47def5ee35ae02e69eb567ca9b664472357a8a5789dd39032a265.js?body=1" for ::1 at 2020-03-27 09:17:34 -0700
Started GET "/assets/components/sidebar.self-2a1277f850a6fa21e1a974ef5152f177ac05516477d5081d593bb137b3d6808b.js?body=1" for ::1 at 2020-03-27 09:17:34 -0700
Started GET "/assets/application.self-f571b9db02bf4ed04c38a6a29072ac382f7d4f47db1fab9817aeadb0d8665235.js?body=1" for ::1 at 2020-03-27 09:17:34 -0700
Started GET "/" for 127.0.0.1 at 2020-03-27 09:18:02 -0700
Processing by StaticPagesController#index as HTML
  Rendering static_pages/index.html.erb within layouts/application
  Rendered shared/_main_nav.html.erb (0.3ms)
  Rendered shared/_masthead.html.erb (0.7ms)
  Rendered shared/_sections_nav.html.erb (0.2ms)
  Rendered shared/_search_modal.html.erb (0.5ms)
  Rendered shared/_main_content.html.erb (0.3ms)
  Rendered static_pages/index.html.erb within layouts/application (27.1ms)
Completed 200 OK in 80ms (Views: 76.8ms | ActiveRecord: 0.0ms)


Started GET "/" for ::1 at 2020-03-27 09:47:06 -0700
Processing by StaticPagesController#index as HTML
  Rendering static_pages/index.html.erb within layouts/application
  Rendered shared/_main_nav.html.erb (4.4ms)
  Rendered shared/_masthead.html.erb (5.4ms)
  Rendered shared/_sections_nav.html.erb (0.4ms)
  Rendered shared/_search_modal.html.erb (1.2ms)
  Rendered shared/_main_content.html.erb (0.5ms)
  Rendered static_pages/index.html.erb within layouts/application (59.9ms)
Completed 200 OK in 627ms (Views: 600.7ms | ActiveRecord: 0.0ms)


Started GET "/assets/application.self-06c5aa0919bb1162e35d93b717017128c9364f5f4fccb4afcc0f8d7b6c43a031.css?body=1" for ::1 at 2020-03-27 09:47:07 -0700
Started GET "/" for ::1 at 2020-03-27 09:52:11 -0700
Processing by StaticPagesController#index as HTML
  Rendering static_pages/index.html.erb within layouts/application
  Rendered shared/_main_nav.html.erb (0.9ms)
  Rendered shared/_masthead.html.erb (0.4ms)
  Rendered shared/_sections_nav.html.erb (0.4ms)
  Rendered shared/_search_modal.html.erb (0.3ms)
  Rendered shared/_main_content.html.erb (0.5ms)
  Rendered static_pages/index.html.erb within layouts/application (36.8ms)
Completed 200 OK in 216ms (Views: 202.8ms | ActiveRecord: 0.0ms)


Started GET "/assets/application.self-965e865e2e1037c67c708cff481bdbef5bb5c38de7c8ced872dba86c2fef481d.css?body=1" for ::1 at 2020-03-27 09:52:12 -0700
Started GET "/" for ::1 at 2020-03-27 09:52:16 -0700
Processing by StaticPagesController#index as HTML
  Rendering static_pages/index.html.erb within layouts/application
  Rendered shared/_main_nav.html.erb (0.5ms)
  Rendered shared/_masthead.html.erb (1.0ms)
  Rendered shared/_sections_nav.html.erb (0.4ms)
  Rendered shared/_search_modal.html.erb (1.9ms)
  Rendered shared/_main_content.html.erb (0.3ms)
  Rendered static_pages/index.html.erb within layouts/application (45.4ms)
Completed 200 OK in 97ms (Views: 89.9ms | ActiveRecord: 0.0ms)


Started GET "/" for ::1 at 2020-03-27 09:52:22 -0700
Processing by StaticPagesController#index as HTML
  Rendering static_pages/index.html.erb within layouts/application
  Rendered shared/_main_nav.html.erb (0.5ms)
  Rendered shared/_masthead.html.erb (0.4ms)
  Rendered shared/_sections_nav.html.erb (0.7ms)
  Rendered shared/_search_modal.html.erb (0.4ms)
  Rendered shared/_main_content.html.erb (0.5ms)
  Rendered static_pages/index.html.erb within layouts/application (40.4ms)
Completed 200 OK in 124ms (Views: 108.5ms | ActiveRecord: 0.0ms)


Started GET "/" for ::1 at 2020-03-27 09:52:24 -0700
Processing by StaticPagesController#index as HTML
  Rendering static_pages/index.html.erb within layouts/application
  Rendered shared/_main_nav.html.erb (1.1ms)
  Rendered shared/_masthead.html.erb (0.4ms)
  Rendered shared/_sections_nav.html.erb (0.6ms)
  Rendered shared/_search_modal.html.erb (0.5ms)
  Rendered shared/_main_content.html.erb (0.3ms)
  Rendered static_pages/index.html.erb within layouts/application (38.3ms)
Completed 200 OK in 85ms (Views: 69.1ms | ActiveRecord: 0.0ms)


Started GET "/" for ::1 at 2020-03-27 09:52:39 -0700
Processing by StaticPagesController#index as HTML
  Rendering static_pages/index.html.erb within layouts/application
  Rendered shared/_main_nav.html.erb (0.4ms)
  Rendered shared/_masthead.html.erb (0.3ms)
  Rendered shared/_sections_nav.html.erb (0.3ms)
  Rendered shared/_search_modal.html.erb (0.8ms)
  Rendered shared/_main_content.html.erb (0.3ms)
  Rendered static_pages/index.html.erb within layouts/application (38.0ms)
Completed 200 OK in 84ms (Views: 76.4ms | ActiveRecord: 0.0ms)


Started GET "/" for ::1 at 2020-03-27 09:52:46 -0700
Processing by StaticPagesController#index as HTML
  Rendering static_pages/index.html.erb within layouts/application
  Rendered shared/_main_nav.html.erb (0.4ms)
  Rendered shared/_masthead.html.erb (0.4ms)
  Rendered shared/_sections_nav.html.erb (0.4ms)
  Rendered shared/_search_modal.html.erb (0.4ms)
  Rendered shared/_main_content.html.erb (0.3ms)
  Rendered static_pages/index.html.erb within layouts/application (28.2ms)
Completed 200 OK in 78ms (Views: 73.5ms | ActiveRecord: 0.0ms)


Started GET "/" for ::1 at 2020-03-27 09:52:53 -0700
Processing by StaticPagesController#index as HTML
  Rendering static_pages/index.html.erb within layouts/application
  Rendered shared/_main_nav.html.erb (0.6ms)
  Rendered shared/_masthead.html.erb (0.3ms)
  Rendered shared/_sections_nav.html.erb (0.4ms)
  Rendered shared/_search_modal.html.erb (1.1ms)
  Rendered shared/_main_content.html.erb (0.3ms)
  Rendered static_pages/index.html.erb within layouts/application (30.7ms)
Completed 200 OK in 75ms (Views: 69.2ms | ActiveRecord: 0.0ms)


Started GET "/" for ::1 at 2020-03-27 09:54:18 -0700
Processing by StaticPagesController#index as HTML
  Rendering static_pages/index.html.erb within layouts/application
  Rendered shared/_main_nav.html.erb (0.5ms)
  Rendered shared/_masthead.html.erb (0.5ms)
  Rendered shared/_sections_nav.html.erb (0.8ms)
  Rendered shared/_search_modal.html.erb (0.3ms)
  Rendered shared/_main_content.html.erb (0.7ms)
  Rendered static_pages/index.html.erb within layouts/application (40.8ms)
Completed 200 OK in 88ms (Views: 79.8ms | ActiveRecord: 0.0ms)


Started GET "/" for ::1 at 2020-03-27 09:54:22 -0700
Processing by StaticPagesController#index as HTML
  Rendering static_pages/index.html.erb within layouts/application
  Rendered shared/_main_nav.html.erb (0.6ms)
  Rendered shared/_masthead.html.erb (0.5ms)
  Rendered shared/_sections_nav.html.erb (0.5ms)
  Rendered shared/_search_modal.html.erb (0.3ms)
  Rendered shared/_main_content.html.erb (0.3ms)
  Rendered static_pages/index.html.erb within layouts/application (38.0ms)
Completed 200 OK in 98ms (Views: 88.6ms | ActiveRecord: 0.0ms)


Started GET "/" for ::1 at 2020-03-27 09:54:43 -0700
Processing by StaticPagesController#index as HTML
  Rendering static_pages/index.html.erb within layouts/application
  Rendered shared/_main_nav.html.erb (0.6ms)
  Rendered shared/_masthead.html.erb (2.3ms)
  Rendered shared/_sections_nav.html.erb (0.3ms)
  Rendered shared/_search_modal.html.erb (0.5ms)
  Rendered shared/_main_content.html.erb (0.5ms)
  Rendered static_pages/index.html.erb within layouts/application (42.9ms)
Completed 200 OK in 94ms (Views: 86.4ms | ActiveRecord: 0.0ms)


Started GET "/" for ::1 at 2020-03-27 09:55:10 -0700
Processing by StaticPagesController#index as HTML
  Rendering static_pages/index.html.erb within layouts/application
  Rendered shared/_main_nav.html.erb (0.5ms)
  Rendered shared/_masthead.html.erb (0.9ms)
  Rendered shared/_sections_nav.html.erb (1.6ms)
  Rendered shared/_search_modal.html.erb (0.9ms)
  Rendered shared/_main_content.html.erb (0.4ms)
  Rendered static_pages/index.html.erb within layouts/application (34.3ms)
Completed 200 OK in 77ms (Views: 70.5ms | ActiveRecord: 0.0ms)


Started GET "/" for ::1 at 2020-03-27 09:55:20 -0700
Processing by StaticPagesController#index as HTML
  Rendering static_pages/index.html.erb within layouts/application
  Rendered shared/_main_nav.html.erb (0.5ms)
  Rendered shared/_masthead.html.erb (0.4ms)
  Rendered shared/_sections_nav.html.erb (0.6ms)
  Rendered shared/_search_modal.html.erb (0.5ms)
  Rendered shared/_main_content.html.erb (0.4ms)
  Rendered static_pages/index.html.erb within layouts/application (32.3ms)
Completed 200 OK in 86ms (Views: 78.8ms | ActiveRecord: 0.0ms)


Started GET "/" for ::1 at 2020-03-27 09:55:27 -0700
Processing by StaticPagesController#index as HTML
  Rendering static_pages/index.html.erb within layouts/application
  Rendered shared/_main_nav.html.erb (0.4ms)
  Rendered shared/_masthead.html.erb (0.6ms)
  Rendered shared/_sections_nav.html.erb (0.3ms)
  Rendered shared/_search_modal.html.erb (0.5ms)
  Rendered shared/_main_content.html.erb (0.3ms)
  Rendered static_pages/index.html.erb within layouts/application (30.6ms)
Completed 200 OK in 71ms (Views: 60.5ms | ActiveRecord: 0.0ms)


Started GET "/" for ::1 at 2020-03-27 09:55:32 -0700
Processing by StaticPagesController#index as HTML
  Rendering static_pages/index.html.erb within layouts/application
  Rendered shared/_main_nav.html.erb (0.4ms)
  Rendered shared/_masthead.html.erb (0.5ms)
  Rendered shared/_sections_nav.html.erb (0.5ms)
  Rendered shared/_search_modal.html.erb (0.4ms)
  Rendered shared/_main_content.html.erb (0.5ms)
  Rendered static_pages/index.html.erb within layouts/application (52.9ms)
Completed 200 OK in 113ms (Views: 105.9ms | ActiveRecord: 0.0ms)


Started GET "/" for ::1 at 2020-03-27 09:57:02 -0700
Processing by StaticPagesController#index as HTML
  Rendering static_pages/index.html.erb within layouts/application
  Rendered shared/_main_nav.html.erb (0.5ms)
  Rendered shared/_masthead.html.erb (0.5ms)
  Rendered shared/_sections_nav.html.erb (0.4ms)
  Rendered shared/_search_modal.html.erb (0.4ms)
  Rendered shared/_main_content.html.erb (0.3ms)
  Rendered static_pages/index.html.erb within layouts/application (46.9ms)
Completed 200 OK in 90ms (Views: 80.8ms | ActiveRecord: 0.0ms)


Started GET "/" for ::1 at 2020-03-27 09:57:03 -0700
Processing by StaticPagesController#index as HTML
  Rendering static_pages/index.html.erb within layouts/application
  Rendered shared/_main_nav.html.erb (0.5ms)
  Rendered shared/_masthead.html.erb (0.7ms)
  Rendered shared/_sections_nav.html.erb (0.3ms)
  Rendered shared/_search_modal.html.erb (0.3ms)
  Rendered shared/_main_content.html.erb (0.5ms)
  Rendered static_pages/index.html.erb within layouts/application (30.5ms)
Completed 200 OK in 70ms (Views: 61.5ms | ActiveRecord: 0.0ms)


Started GET "/" for ::1 at 2020-03-27 09:57:06 -0700
Processing by StaticPagesController#index as HTML
  Rendering static_pages/index.html.erb within layouts/application
  Rendered shared/_main_nav.html.erb (0.3ms)
  Rendered shared/_masthead.html.erb (0.4ms)
  Rendered shared/_sections_nav.html.erb (0.6ms)
  Rendered shared/_search_modal.html.erb (0.8ms)
  Rendered shared/_main_content.html.erb (0.4ms)
  Rendered static_pages/index.html.erb within layouts/application (62.1ms)
Completed 200 OK in 127ms (Views: 115.0ms | ActiveRecord: 0.0ms)


Started GET "/" for ::1 at 2020-03-27 09:57:10 -0700
Processing by StaticPagesController#index as HTML
  Rendering static_pages/index.html.erb within layouts/application
  Rendered shared/_main_nav.html.erb (0.5ms)
  Rendered shared/_masthead.html.erb (0.4ms)
  Rendered shared/_sections_nav.html.erb (0.3ms)
  Rendered shared/_search_modal.html.erb (1.6ms)
  Rendered shared/_main_content.html.erb (0.3ms)
  Rendered static_pages/index.html.erb within layouts/application (32.3ms)
Completed 200 OK in 78ms (Views: 70.3ms | ActiveRecord: 0.0ms)


Started GET "/" for ::1 at 2020-03-27 09:57:12 -0700
Processing by StaticPagesController#index as HTML
  Rendering static_pages/index.html.erb within layouts/application
  Rendered shared/_main_nav.html.erb (0.7ms)
  Rendered shared/_masthead.html.erb (0.4ms)
  Rendered shared/_sections_nav.html.erb (0.4ms)
  Rendered shared/_search_modal.html.erb (0.3ms)
  Rendered shared/_main_content.html.erb (0.4ms)
  Rendered static_pages/index.html.erb within layouts/application (35.5ms)
Completed 200 OK in 96ms (Views: 88.8ms | ActiveRecord: 0.0ms)


Started GET "/" for ::1 at 2020-03-27 09:57:15 -0700
Processing by StaticPagesController#index as HTML
  Rendering static_pages/index.html.erb within layouts/application
  Rendered shared/_main_nav.html.erb (0.8ms)
  Rendered shared/_masthead.html.erb (0.4ms)
  Rendered shared/_sections_nav.html.erb (0.4ms)
  Rendered shared/_search_modal.html.erb (0.4ms)
  Rendered shared/_main_content.html.erb (0.3ms)
  Rendered static_pages/index.html.erb within layouts/application (38.4ms)
Completed 200 OK in 89ms (Views: 80.2ms | ActiveRecord: 0.0ms)


Started GET "/" for ::1 at 2020-03-27 09:59:52 -0700
Processing by StaticPagesController#index as HTML
  Rendering static_pages/index.html.erb within layouts/application
  Rendered shared/_main_nav.html.erb (0.3ms)
  Rendered shared/_masthead.html.erb (0.3ms)
  Rendered shared/_sections_nav.html.erb (0.2ms)
  Rendered shared/_search_modal.html.erb (0.5ms)
  Rendered shared/_main_content.html.erb (0.3ms)
  Rendered static_pages/index.html.erb within layouts/application (24.6ms)
Completed 200 OK in 136ms (Views: 129.8ms | ActiveRecord: 0.0ms)


Started GET "/assets/application.self-6a34020ced351a601b8fe1aa9a183bfc3a5b829ca88011b29710d0a049a30b6f.css?body=1" for ::1 at 2020-03-27 09:59:53 -0700
Started GET "/" for ::1 at 2020-03-27 09:59:56 -0700
Processing by StaticPagesController#index as HTML
  Rendering static_pages/index.html.erb within layouts/application
  Rendered shared/_main_nav.html.erb (0.5ms)
  Rendered shared/_masthead.html.erb (0.2ms)
  Rendered shared/_sections_nav.html.erb (0.6ms)
  Rendered shared/_search_modal.html.erb (1.0ms)
  Rendered shared/_main_content.html.erb (0.3ms)
  Rendered static_pages/index.html.erb within layouts/application (26.7ms)
Completed 200 OK in 68ms (Views: 64.9ms | ActiveRecord: 0.0ms)


Started GET "/" for 127.0.0.1 at 2020-03-27 10:03:34 -0700
Processing by StaticPagesController#index as HTML
  Rendering static_pages/index.html.erb within layouts/application
  Rendered shared/_main_nav.html.erb (2.6ms)
  Rendered shared/_masthead.html.erb (0.3ms)
  Rendered shared/_sections_nav.html.erb (0.3ms)
  Rendered shared/_search_modal.html.erb (0.2ms)
  Rendered shared/_main_content.html.erb (0.2ms)
  Rendered static_pages/index.html.erb within layouts/application (28.2ms)
Completed 200 OK in 72ms (Views: 67.5ms | ActiveRecord: 0.0ms)


Started GET "/assets/components/modal.self-52188644dbb47def5ee35ae02e69eb567ca9b664472357a8a5789dd39032a265.js?body=1" for 127.0.0.1 at 2020-03-27 10:03:34 -0700
Started GET "/assets/components/sidebar.self-2a1277f850a6fa21e1a974ef5152f177ac05516477d5081d593bb137b3d6808b.js?body=1" for 127.0.0.1 at 2020-03-27 10:03:34 -0700
Started GET "/assets/application.self-f571b9db02bf4ed04c38a6a29072ac382f7d4f47db1fab9817aeadb0d8665235.js?body=1" for 127.0.0.1 at 2020-03-27 10:03:34 -0700
Started GET "/assets/application.self-6a34020ced351a601b8fe1aa9a183bfc3a5b829ca88011b29710d0a049a30b6f.css?body=1" for 127.0.0.1 at 2020-03-27 10:03:34 -0700
Started GET "/assets/jquery_ujs.self-784a997f6726036b1993eb2217c9cb558e1cbb801c6da88105588c56f13b466a.js?body=1" for 127.0.0.1 at 2020-03-27 10:03:34 -0700
Started GET "/assets/jquery.self-bd7ddd393353a8d2480a622e80342adf488fb6006d667e8b42e4c0073393abee.js?body=1" for 127.0.0.1 at 2020-03-27 10:03:34 -0700
Started GET "/assets/components/dropdown.self-815016af6fab1d5b72abd319213bf62f0c42bab2c585d2e059543ae704a0d74c.js?body=1" for 127.0.0.1 at 2020-03-27 10:03:34 -0700
