  [1m[35m (314.2ms)[0m  [1m[35mCREATE DATABASE "all_the_cats_development" ENCODING = 'unicode'[0m
  ↳ /home/bhasty/.rbenv/versions/2.5.1/lib/ruby/gems/2.5.0/gems/rake-13.0.1/lib/rake/task.rb:281
  [1m[35m (243.1ms)[0m  [1m[35mCREATE DATABASE "all_the_cats_test" ENCODING = 'unicode'[0m
  ↳ /home/bhasty/.rbenv/versions/2.5.1/lib/ruby/gems/2.5.0/gems/rake-13.0.1/lib/rake/task.rb:281
  [1m[35m (4.2ms)[0m  [1m[35mCREATE TABLE "schema_migrations" ("version" character varying NOT NULL PRIMARY KEY)[0m
  ↳ /home/bhasty/.rbenv/versions/2.5.1/lib/ruby/gems/2.5.0/gems/rake-13.0.1/lib/rake/task.rb:281
  [1m[35m (3.5ms)[0m  [1m[35mCREATE TABLE "ar_internal_metadata" ("key" character varying NOT NULL PRIMARY KEY, "value" character varying, "created_at" timestamp NOT NULL, "updated_at" timestamp NOT NULL)[0m
  ↳ /home/bhasty/.rbenv/versions/2.5.1/lib/ruby/gems/2.5.0/gems/rake-13.0.1/lib/rake/task.rb:281
  [1m[35m (0.1ms)[0m  [1m[34mSELECT pg_try_advisory_lock(2193857409749134080)[0m
  ↳ /home/bhasty/.rbenv/versions/2.5.1/lib/ruby/gems/2.5.0/gems/rake-13.0.1/lib/rake/task.rb:281
  [1m[35m (0.3ms)[0m  [1m[34mSELECT "schema_migrations"."version" FROM "schema_migrations" ORDER BY "schema_migrations"."version" ASC[0m
  ↳ /home/bhasty/.rbenv/versions/2.5.1/lib/ruby/gems/2.5.0/gems/rake-13.0.1/lib/rake/task.rb:281
Migrating to CreateCats (20200323205336)
  [1m[35m (0.1ms)[0m  [1m[35mBEGIN[0m
  ↳ /home/bhasty/.rbenv/versions/2.5.1/lib/ruby/gems/2.5.0/gems/rake-13.0.1/lib/rake/task.rb:281
  [1m[35m (4.9ms)[0m  [1m[35mCREATE TABLE "cats" ("id" bigserial primary key, "birthdate" date NOT NULL, "color" character varying NOT NULL, "name" character varying NOT NULL, "sex" character varying(1) NOT NULL, "description" text, "created_at" timestamp NOT NULL, "updated_at" timestamp NOT NULL)[0m
  ↳ db/migrate/20200323205336_create_cats.rb:3
  [1m[35m (1.5ms)[0m  [1m[35mCREATE  INDEX  "index_cats_on_name" ON "cats"  ("name")[0m
  ↳ db/migrate/20200323205336_create_cats.rb:11
  [1m[36mActiveRecord::SchemaMigration Create (0.3ms)[0m  [1m[32mINSERT INTO "schema_migrations" ("version") VALUES ($1) RETURNING "version"[0m  [["version", "20200323205336"]]
  ↳ /home/bhasty/.rbenv/versions/2.5.1/lib/ruby/gems/2.5.0/gems/rake-13.0.1/lib/rake/task.rb:281
  [1m[35m (0.6ms)[0m  [1m[35mCOMMIT[0m
  ↳ /home/bhasty/.rbenv/versions/2.5.1/lib/ruby/gems/2.5.0/gems/rake-13.0.1/lib/rake/task.rb:281
  [1m[36mActiveRecord::InternalMetadata Load (0.3ms)[0m  [1m[34mSELECT  "ar_internal_metadata".* FROM "ar_internal_metadata" WHERE "ar_internal_metadata"."key" = $1 LIMIT $2[0m  [["key", "environment"], ["LIMIT", 1]]
  ↳ /home/bhasty/.rbenv/versions/2.5.1/lib/ruby/gems/2.5.0/gems/rake-13.0.1/lib/rake/task.rb:281
  [1m[35m (0.1ms)[0m  [1m[35mBEGIN[0m
  ↳ /home/bhasty/.rbenv/versions/2.5.1/lib/ruby/gems/2.5.0/gems/rake-13.0.1/lib/rake/task.rb:281
  [1m[36mActiveRecord::InternalMetadata Create (0.2ms)[0m  [1m[32mINSERT INTO "ar_internal_metadata" ("key", "value", "created_at", "updated_at") VALUES ($1, $2, $3, $4) RETURNING "key"[0m  [["key", "environment"], ["value", "development"], ["created_at", "2020-03-23 21:02:40.689771"], ["updated_at", "2020-03-23 21:02:40.689771"]]
  ↳ /home/bhasty/.rbenv/versions/2.5.1/lib/ruby/gems/2.5.0/gems/rake-13.0.1/lib/rake/task.rb:281
  [1m[35m (0.5ms)[0m  [1m[35mCOMMIT[0m
  ↳ /home/bhasty/.rbenv/versions/2.5.1/lib/ruby/gems/2.5.0/gems/rake-13.0.1/lib/rake/task.rb:281
  [1m[35m (0.1ms)[0m  [1m[34mSELECT pg_advisory_unlock(2193857409749134080)[0m
  ↳ /home/bhasty/.rbenv/versions/2.5.1/lib/ruby/gems/2.5.0/gems/rake-13.0.1/lib/rake/task.rb:281
  [1m[35m (0.1ms)[0m  [1m[34mSELECT "schema_migrations"."version" FROM "schema_migrations" ORDER BY "schema_migrations"."version" ASC[0m
  ↳ /home/bhasty/.rbenv/versions/2.5.1/lib/ruby/gems/2.5.0/gems/rake-13.0.1/lib/rake/task.rb:281
  [1m[35m (0.2ms)[0m  [1m[35mBEGIN[0m
  [1m[36mCat Create (0.5ms)[0m  [1m[32mINSERT INTO "cats" ("birthdate", "color", "name", "sex", "description", "created_at", "updated_at") VALUES ($1, $2, $3, $4, $5, $6, $7) RETURNING "id"[0m  [["birthdate", "2015-01-20"], ["color", "Brown"], ["name", "Coconut"], ["sex", "F"], ["description", "Tropical chunky"], ["created_at", "2020-03-23 21:05:52.318019"], ["updated_at", "2020-03-23 21:05:52.318019"]]
  [1m[35m (2.2ms)[0m  [1m[35mCOMMIT[0m
  [1m[36mCat Exists (0.2ms)[0m  [1m[34mSELECT  1 AS one FROM "cats" LIMIT $1[0m  [["LIMIT", 1]]
  ↳ /home/bhasty/.rbenv/versions/2.5.1/lib/ruby/gems/2.5.0/gems/seed_dump-3.3.1/lib/seed_dump/environment.rb:77
  [1m[35m (0.2ms)[0m  [1m[34mSELECT COUNT(*) FROM "cats"[0m
  ↳ /home/bhasty/.rbenv/versions/2.5.1/lib/ruby/gems/2.5.0/gems/seed_dump-3.3.1/lib/seed_dump/dump_methods.rb:6
DEPRECATION WARNING: Dangerous query method (method whose arguments are used as raw SQL) called with non-attribute argument(s): "\"cats\".\"id\" ASC". Non-attribute arguments will be disallowed in Rails 6.0. This method should not be called with user-provided values, such as request parameters or model attributes. Known-safe values can be passed by wrapping them in Arel.sql(). (called from active_record_enumeration at /home/bhasty/.rbenv/versions/2.5.1/lib/ruby/gems/2.5.0/gems/seed_dump-3.3.1/lib/seed_dump/dump_methods/enumeration.rb:8)
  [1m[35m (0.2ms)[0m  [1m[34mSELECT COUNT(*) FROM "cats"[0m
  ↳ /home/bhasty/.rbenv/versions/2.5.1/lib/ruby/gems/2.5.0/gems/seed_dump-3.3.1/lib/seed_dump/dump_methods/enumeration.rb:59
  [1m[36mCat Load (0.1ms)[0m  [1m[34mSELECT  "cats".* FROM "cats" LIMIT $1 OFFSET $2[0m  [["LIMIT", 1], ["OFFSET", 0]]
  ↳ /home/bhasty/.rbenv/versions/2.5.1/lib/ruby/gems/2.5.0/gems/seed_dump-3.3.1/lib/seed_dump/dump_methods/enumeration.rb:27
Started GET "/" for 127.0.0.1 at 2020-03-23 15:00:44 -0700
  [1m[35m (0.3ms)[0m  [1m[34mSELECT "schema_migrations"."version" FROM "schema_migrations" ORDER BY "schema_migrations"."version" ASC[0m
  ↳ /home/bhasty/.rbenv/versions/2.5.1/lib/ruby/gems/2.5.0/gems/sprockets-rails-3.2.1/lib/sprockets/rails/quiet_assets.rb:13
Processing by Rails::WelcomeController#index as HTML
  Rendering /home/bhasty/.gem/ruby/2.5.0/gems/railties-5.2.4.2/lib/rails/templates/rails/welcome/index.html.erb
  Rendered /home/bhasty/.gem/ruby/2.5.0/gems/railties-5.2.4.2/lib/rails/templates/rails/welcome/index.html.erb (1.9ms)
Completed 200 OK in 8ms (Views: 3.9ms | ActiveRecord: 0.0ms)


Started GET "/" for ::1 at 2020-03-23 15:00:55 -0700
Processing by Rails::WelcomeController#index as HTML
  Rendering /home/bhasty/.gem/ruby/2.5.0/gems/railties-5.2.4.2/lib/rails/templates/rails/welcome/index.html.erb
  Rendered /home/bhasty/.gem/ruby/2.5.0/gems/railties-5.2.4.2/lib/rails/templates/rails/welcome/index.html.erb (1.6ms)
Completed 200 OK in 3ms (Views: 2.2ms | ActiveRecord: 0.0ms)


Started GET "/" for ::1 at 2020-03-23 15:01:07 -0700
Processing by Rails::WelcomeController#index as HTML
  Rendering /home/bhasty/.gem/ruby/2.5.0/gems/railties-5.2.4.2/lib/rails/templates/rails/welcome/index.html.erb
  Rendered /home/bhasty/.gem/ruby/2.5.0/gems/railties-5.2.4.2/lib/rails/templates/rails/welcome/index.html.erb (1.6ms)
Completed 200 OK in 3ms (Views: 2.1ms | ActiveRecord: 0.0ms)


Started GET "/" for ::1 at 2020-03-23 15:01:23 -0700
Processing by Rails::WelcomeController#index as */*
  Rendering /home/bhasty/.gem/ruby/2.5.0/gems/railties-5.2.4.2/lib/rails/templates/rails/welcome/index.html.erb
  Rendered /home/bhasty/.gem/ruby/2.5.0/gems/railties-5.2.4.2/lib/rails/templates/rails/welcome/index.html.erb (1.5ms)
Completed 200 OK in 10ms (Views: 5.4ms | ActiveRecord: 0.0ms)


Started GET "/cats/1" for 127.0.0.1 at 2020-03-23 15:01:41 -0700
  
AbstractController::ActionNotFound (The action 'show' could not be found for CatsController):
  
actionpack (5.2.4.2) lib/abstract_controller/base.rb:129:in `process'
actionview (5.2.4.2) lib/action_view/rendering.rb:32:in `process'
actionpack (5.2.4.2) lib/action_controller/metal.rb:191:in `dispatch'
actionpack (5.2.4.2) lib/action_controller/metal.rb:252:in `dispatch'
actionpack (5.2.4.2) lib/action_dispatch/routing/route_set.rb:52:in `dispatch'
actionpack (5.2.4.2) lib/action_dispatch/routing/route_set.rb:34:in `serve'
actionpack (5.2.4.2) lib/action_dispatch/journey/router.rb:52:in `block in serve'
actionpack (5.2.4.2) lib/action_dispatch/journey/router.rb:35:in `each'
actionpack (5.2.4.2) lib/action_dispatch/journey/router.rb:35:in `serve'
actionpack (5.2.4.2) lib/action_dispatch/routing/route_set.rb:840:in `call'
rack (2.2.2) lib/rack/tempfile_reaper.rb:15:in `call'
rack (2.2.2) lib/rack/etag.rb:27:in `call'
rack (2.2.2) lib/rack/conditional_get.rb:27:in `call'
rack (2.2.2) lib/rack/head.rb:12:in `call'
actionpack (5.2.4.2) lib/action_dispatch/http/content_security_policy.rb:18:in `call'
rack (2.2.2) lib/rack/session/abstract/id.rb:266:in `context'
rack (2.2.2) lib/rack/session/abstract/id.rb:260:in `call'
actionpack (5.2.4.2) lib/action_dispatch/middleware/cookies.rb:670:in `call'
activerecord (5.2.4.2) lib/active_record/migration.rb:559:in `call'
actionpack (5.2.4.2) lib/action_dispatch/middleware/callbacks.rb:28:in `block in call'
activesupport (5.2.4.2) lib/active_support/callbacks.rb:98:in `run_callbacks'
actionpack (5.2.4.2) lib/action_dispatch/middleware/callbacks.rb:26:in `call'
actionpack (5.2.4.2) lib/action_dispatch/middleware/executor.rb:14:in `call'
actionpack (5.2.4.2) lib/action_dispatch/middleware/debug_exceptions.rb:61:in `call'
web-console (3.7.0) lib/web_console/middleware.rb:135:in `call_app'
web-console (3.7.0) lib/web_console/middleware.rb:30:in `block in call'
web-console (3.7.0) lib/web_console/middleware.rb:20:in `catch'
web-console (3.7.0) lib/web_console/middleware.rb:20:in `call'
actionpack (5.2.4.2) lib/action_dispatch/middleware/show_exceptions.rb:33:in `call'
railties (5.2.4.2) lib/rails/rack/logger.rb:38:in `call_app'
railties (5.2.4.2) lib/rails/rack/logger.rb:26:in `block in call'
activesupport (5.2.4.2) lib/active_support/tagged_logging.rb:71:in `block in tagged'
activesupport (5.2.4.2) lib/active_support/tagged_logging.rb:28:in `tagged'
activesupport (5.2.4.2) lib/active_support/tagged_logging.rb:71:in `tagged'
railties (5.2.4.2) lib/rails/rack/logger.rb:26:in `call'
sprockets-rails (3.2.1) lib/sprockets/rails/quiet_assets.rb:13:in `call'
actionpack (5.2.4.2) lib/action_dispatch/middleware/remote_ip.rb:81:in `call'
actionpack (5.2.4.2) lib/action_dispatch/middleware/request_id.rb:27:in `call'
rack (2.2.2) lib/rack/method_override.rb:24:in `call'
rack (2.2.2) lib/rack/runtime.rb:22:in `call'
activesupport (5.2.4.2) lib/active_support/cache/strategy/local_cache_middleware.rb:29:in `call'
actionpack (5.2.4.2) lib/action_dispatch/middleware/executor.rb:14:in `call'
actionpack (5.2.4.2) lib/action_dispatch/middleware/static.rb:127:in `call'
rack (2.2.2) lib/rack/sendfile.rb:110:in `call'
railties (5.2.4.2) lib/rails/engine.rb:524:in `call'
puma (3.12.4) lib/puma/configuration.rb:227:in `call'
puma (3.12.4) lib/puma/server.rb:675:in `handle_request'
puma (3.12.4) lib/puma/server.rb:476:in `process_client'
puma (3.12.4) lib/puma/server.rb:334:in `block in run'
puma (3.12.4) lib/puma/thread_pool.rb:135:in `block in spawn_thread'
Started GET "/cats/0" for ::1 at 2020-03-23 15:02:10 -0700
  
AbstractController::ActionNotFound (The action 'show' could not be found for CatsController):
  
actionpack (5.2.4.2) lib/abstract_controller/base.rb:129:in `process'
actionview (5.2.4.2) lib/action_view/rendering.rb:32:in `process'
actionpack (5.2.4.2) lib/action_controller/metal.rb:191:in `dispatch'
actionpack (5.2.4.2) lib/action_controller/metal.rb:252:in `dispatch'
actionpack (5.2.4.2) lib/action_dispatch/routing/route_set.rb:52:in `dispatch'
actionpack (5.2.4.2) lib/action_dispatch/routing/route_set.rb:34:in `serve'
actionpack (5.2.4.2) lib/action_dispatch/journey/router.rb:52:in `block in serve'
actionpack (5.2.4.2) lib/action_dispatch/journey/router.rb:35:in `each'
actionpack (5.2.4.2) lib/action_dispatch/journey/router.rb:35:in `serve'
actionpack (5.2.4.2) lib/action_dispatch/routing/route_set.rb:840:in `call'
rack (2.2.2) lib/rack/tempfile_reaper.rb:15:in `call'
rack (2.2.2) lib/rack/etag.rb:27:in `call'
rack (2.2.2) lib/rack/conditional_get.rb:27:in `call'
rack (2.2.2) lib/rack/head.rb:12:in `call'
actionpack (5.2.4.2) lib/action_dispatch/http/content_security_policy.rb:18:in `call'
rack (2.2.2) lib/rack/session/abstract/id.rb:266:in `context'
rack (2.2.2) lib/rack/session/abstract/id.rb:260:in `call'
actionpack (5.2.4.2) lib/action_dispatch/middleware/cookies.rb:670:in `call'
activerecord (5.2.4.2) lib/active_record/migration.rb:559:in `call'
actionpack (5.2.4.2) lib/action_dispatch/middleware/callbacks.rb:28:in `block in call'
activesupport (5.2.4.2) lib/active_support/callbacks.rb:98:in `run_callbacks'
actionpack (5.2.4.2) lib/action_dispatch/middleware/callbacks.rb:26:in `call'
actionpack (5.2.4.2) lib/action_dispatch/middleware/executor.rb:14:in `call'
actionpack (5.2.4.2) lib/action_dispatch/middleware/debug_exceptions.rb:61:in `call'
web-console (3.7.0) lib/web_console/middleware.rb:135:in `call_app'
web-console (3.7.0) lib/web_console/middleware.rb:30:in `block in call'
web-console (3.7.0) lib/web_console/middleware.rb:20:in `catch'
web-console (3.7.0) lib/web_console/middleware.rb:20:in `call'
actionpack (5.2.4.2) lib/action_dispatch/middleware/show_exceptions.rb:33:in `call'
railties (5.2.4.2) lib/rails/rack/logger.rb:38:in `call_app'
railties (5.2.4.2) lib/rails/rack/logger.rb:26:in `block in call'
activesupport (5.2.4.2) lib/active_support/tagged_logging.rb:71:in `block in tagged'
activesupport (5.2.4.2) lib/active_support/tagged_logging.rb:28:in `tagged'
activesupport (5.2.4.2) lib/active_support/tagged_logging.rb:71:in `tagged'
railties (5.2.4.2) lib/rails/rack/logger.rb:26:in `call'
sprockets-rails (3.2.1) lib/sprockets/rails/quiet_assets.rb:13:in `call'
actionpack (5.2.4.2) lib/action_dispatch/middleware/remote_ip.rb:81:in `call'
actionpack (5.2.4.2) lib/action_dispatch/middleware/request_id.rb:27:in `call'
rack (2.2.2) lib/rack/method_override.rb:24:in `call'
rack (2.2.2) lib/rack/runtime.rb:22:in `call'
activesupport (5.2.4.2) lib/active_support/cache/strategy/local_cache_middleware.rb:29:in `call'
actionpack (5.2.4.2) lib/action_dispatch/middleware/executor.rb:14:in `call'
actionpack (5.2.4.2) lib/action_dispatch/middleware/static.rb:127:in `call'
rack (2.2.2) lib/rack/sendfile.rb:110:in `call'
railties (5.2.4.2) lib/rails/engine.rb:524:in `call'
puma (3.12.4) lib/puma/configuration.rb:227:in `call'
puma (3.12.4) lib/puma/server.rb:675:in `handle_request'
puma (3.12.4) lib/puma/server.rb:476:in `process_client'
puma (3.12.4) lib/puma/server.rb:334:in `block in run'
puma (3.12.4) lib/puma/thread_pool.rb:135:in `block in spawn_thread'
Started GET "/cats/1" for 127.0.0.1 at 2020-03-23 15:02:36 -0700
Processing by CatsController#show as */*
  Parameters: {"id"=>"1"}
Started GET "/cats/0" for ::1 at 2020-03-23 15:03:31 -0700
Completed 500 Internal Server Error in 54751ms (ActiveRecord: 0.0ms)


  
SyntaxError (/home/bhasty/Downloads/W7D1/all_the_cats/app/models/cat.rb:6: syntax error, unexpected tIDENTIFIER, expecting '}'
        message: "%{value} could at least be...
        ^~~~~~~
/home/bhasty/Downloads/W7D1/all_the_cats/app/models/cat.rb:6: syntax error, unexpected '}', expecting keyword_end
...e} could at least be rainbow" }
...                              ^
/home/bhasty/Downloads/W7D1/all_the_cats/app/models/cat.rb:8: syntax error, unexpected tIDENTIFIER, expecting '}'
        message: "we don't support all-inclu...
        ^~~~~~~
/home/bhasty/Downloads/W7D1/all_the_cats/app/models/cat.rb:8: syntax error, unexpected '}', expecting keyword_end
...ive cats. Minus rainbow cats" }
...                              ^):
  
app/models/cat.rb:6: syntax error, unexpected tIDENTIFIER, expecting '}'
app/models/cat.rb:6: syntax error, unexpected '}', expecting keyword_end
app/models/cat.rb:8: syntax error, unexpected tIDENTIFIER, expecting '}'
app/models/cat.rb:8: syntax error, unexpected '}', expecting keyword_end
app/controllers/cats_controller.rb:10:in `show'
Processing by CatsController#show as */*
  Parameters: {"id"=>"0"}
Completed 500 Internal Server Error in 3922ms (ActiveRecord: 0.0ms)


  
SyntaxError (/home/bhasty/Downloads/W7D1/all_the_cats/app/models/cat.rb:6: syntax error, unexpected tIDENTIFIER, expecting '}'
        message: "%{value} could at least be...
        ^~~~~~~
/home/bhasty/Downloads/W7D1/all_the_cats/app/models/cat.rb:6: syntax error, unexpected '}', expecting keyword_end
...e} could at least be rainbow" }
...                              ^
/home/bhasty/Downloads/W7D1/all_the_cats/app/models/cat.rb:8: syntax error, unexpected tIDENTIFIER, expecting '}'
        message: "we don't support all-inclu...
        ^~~~~~~
/home/bhasty/Downloads/W7D1/all_the_cats/app/models/cat.rb:8: syntax error, unexpected '}', expecting keyword_end
...ive cats. Minus rainbow cats" }
...                              ^):
  
app/models/cat.rb:6: syntax error, unexpected tIDENTIFIER, expecting '}'
app/models/cat.rb:6: syntax error, unexpected '}', expecting keyword_end
app/models/cat.rb:8: syntax error, unexpected tIDENTIFIER, expecting '}'
app/models/cat.rb:8: syntax error, unexpected '}', expecting keyword_end
app/controllers/cats_controller.rb:10:in `show'
Started GET "/cats/1" for 127.0.0.1 at 2020-03-23 15:03:43 -0700
Processing by CatsController#show as */*
  Parameters: {"id"=>"1"}
Completed 500 Internal Server Error in 9865ms (ActiveRecord: 0.0ms)


  
SyntaxError (/home/bhasty/Downloads/W7D1/all_the_cats/app/models/cat.rb:6: syntax error, unexpected tIDENTIFIER, expecting '}'
        message: "%{value} could at least be...
        ^~~~~~~
/home/bhasty/Downloads/W7D1/all_the_cats/app/models/cat.rb:6: syntax error, unexpected '}', expecting keyword_end
...e} could at least be rainbow" }
...                              ^
/home/bhasty/Downloads/W7D1/all_the_cats/app/models/cat.rb:8: syntax error, unexpected tIDENTIFIER, expecting '}'
        message: "we don't support all-inclu...
        ^~~~~~~
/home/bhasty/Downloads/W7D1/all_the_cats/app/models/cat.rb:8: syntax error, unexpected '}', expecting keyword_end
...ive cats. Minus rainbow cats" }
...                              ^):
  
app/models/cat.rb:6: syntax error, unexpected tIDENTIFIER, expecting '}'
app/models/cat.rb:6: syntax error, unexpected '}', expecting keyword_end
app/models/cat.rb:8: syntax error, unexpected tIDENTIFIER, expecting '}'
app/models/cat.rb:8: syntax error, unexpected '}', expecting keyword_end
app/controllers/cats_controller.rb:10:in `show'
Started GET "/cats/1" for 127.0.0.1 at 2020-03-23 15:03:58 -0700
Processing by CatsController#show as */*
  Parameters: {"id"=>"1"}
Completed 500 Internal Server Error in 1ms (ActiveRecord: 0.0ms)


  
SyntaxError (/home/bhasty/Downloads/W7D1/all_the_cats/app/models/cat.rb:6: syntax error, unexpected tIDENTIFIER, expecting '}'
        message: "%{value} could at least be...
        ^~~~~~~
/home/bhasty/Downloads/W7D1/all_the_cats/app/models/cat.rb:6: syntax error, unexpected '}', expecting keyword_end
...e} could at least be rainbow" }
...                              ^
/home/bhasty/Downloads/W7D1/all_the_cats/app/models/cat.rb:8: syntax error, unexpected tIDENTIFIER, expecting '}'
        message: "we don't support all-inclu...
        ^~~~~~~
/home/bhasty/Downloads/W7D1/all_the_cats/app/models/cat.rb:8: syntax error, unexpected '}', expecting keyword_end
...ive cats. Minus rainbow cats" }
...                              ^):
  
app/models/cat.rb:6: syntax error, unexpected tIDENTIFIER, expecting '}'
app/models/cat.rb:6: syntax error, unexpected '}', expecting keyword_end
app/models/cat.rb:8: syntax error, unexpected tIDENTIFIER, expecting '}'
app/models/cat.rb:8: syntax error, unexpected '}', expecting keyword_end
app/controllers/cats_controller.rb:9:in `show'
Started GET "/" for 127.0.0.1 at 2020-03-23 15:06:40 -0700
Processing by Rails::WelcomeController#index as HTML
  Rendering /home/bhasty/.gem/ruby/2.5.0/gems/railties-5.2.4.2/lib/rails/templates/rails/welcome/index.html.erb
  Rendered /home/bhasty/.gem/ruby/2.5.0/gems/railties-5.2.4.2/lib/rails/templates/rails/welcome/index.html.erb (1.4ms)
Completed 200 OK in 3ms (Views: 1.9ms | ActiveRecord: 0.0ms)


Started GET "/cats" for 127.0.0.1 at 2020-03-23 15:06:44 -0700
Processing by CatsController#index as HTML
Completed 500 Internal Server Error in 2ms (ActiveRecord: 0.0ms)


  
SyntaxError (/home/bhasty/Downloads/W7D1/all_the_cats/app/models/cat.rb:6: syntax error, unexpected tIDENTIFIER, expecting '}'
        message: "%{value} could at least be...
        ^~~~~~~
/home/bhasty/Downloads/W7D1/all_the_cats/app/models/cat.rb:6: syntax error, unexpected '}', expecting keyword_end
...e} could at least be rainbow" }
...                              ^
/home/bhasty/Downloads/W7D1/all_the_cats/app/models/cat.rb:8: syntax error, unexpected tIDENTIFIER, expecting '}'
        message: "we don't support all-inclu...
        ^~~~~~~
/home/bhasty/Downloads/W7D1/all_the_cats/app/models/cat.rb:8: syntax error, unexpected '}', expecting keyword_end
...ive cats. Minus rainbow cats" }
...                              ^):
  
app/models/cat.rb:6: syntax error, unexpected tIDENTIFIER, expecting '}'
app/models/cat.rb:6: syntax error, unexpected '}', expecting keyword_end
app/models/cat.rb:8: syntax error, unexpected tIDENTIFIER, expecting '}'
app/models/cat.rb:8: syntax error, unexpected '}', expecting keyword_end
app/controllers/cats_controller.rb:4:in `index'
Started GET "/" for ::1 at 2020-03-23 15:07:02 -0700
Processing by Rails::WelcomeController#index as HTML
  Rendering /home/bhasty/.gem/ruby/2.5.0/gems/railties-5.2.4.2/lib/rails/templates/rails/welcome/index.html.erb
  Rendered /home/bhasty/.gem/ruby/2.5.0/gems/railties-5.2.4.2/lib/rails/templates/rails/welcome/index.html.erb (3.6ms)
Completed 200 OK in 5ms (Views: 4.5ms | ActiveRecord: 0.0ms)


Started GET "/cats/" for ::1 at 2020-03-23 15:07:10 -0700
Processing by CatsController#index as HTML
Completed 500 Internal Server Error in 1ms (ActiveRecord: 0.0ms)


  
SyntaxError (/home/bhasty/Downloads/W7D1/all_the_cats/app/models/cat.rb:6: syntax error, unexpected tIDENTIFIER, expecting '}'
        message: "%{value} could at least be...
        ^~~~~~~
/home/bhasty/Downloads/W7D1/all_the_cats/app/models/cat.rb:6: syntax error, unexpected '}', expecting keyword_end
...e} could at least be rainbow" }
...                              ^
/home/bhasty/Downloads/W7D1/all_the_cats/app/models/cat.rb:8: syntax error, unexpected tIDENTIFIER, expecting '}'
        message: "we don't support all-inclu...
        ^~~~~~~
/home/bhasty/Downloads/W7D1/all_the_cats/app/models/cat.rb:8: syntax error, unexpected '}', expecting keyword_end
...ive cats. Minus rainbow cats" }
...                              ^):
  
app/models/cat.rb:6: syntax error, unexpected tIDENTIFIER, expecting '}'
app/models/cat.rb:6: syntax error, unexpected '}', expecting keyword_end
app/models/cat.rb:8: syntax error, unexpected tIDENTIFIER, expecting '}'
app/models/cat.rb:8: syntax error, unexpected '}', expecting keyword_end
app/controllers/cats_controller.rb:4:in `index'
Started GET "/cats" for 127.0.0.1 at 2020-03-23 15:07:23 -0700
Processing by CatsController#index as HTML
Completed 500 Internal Server Error in 6ms (ActiveRecord: 0.0ms)


  
SyntaxError (/home/bhasty/Downloads/W7D1/all_the_cats/app/models/cat.rb:6: syntax error, unexpected tIDENTIFIER, expecting '}'
        message: "%{value} could at least be...
        ^~~~~~~
/home/bhasty/Downloads/W7D1/all_the_cats/app/models/cat.rb:6: syntax error, unexpected '}', expecting keyword_end
...e} could at least be rainbow" }
...                              ^
/home/bhasty/Downloads/W7D1/all_the_cats/app/models/cat.rb:8: syntax error, unexpected tIDENTIFIER, expecting '}'
        message: "we don't support all-inclu...
        ^~~~~~~
/home/bhasty/Downloads/W7D1/all_the_cats/app/models/cat.rb:8: syntax error, unexpected '}', expecting keyword_end
...ive cats. Minus rainbow cats" }
...                              ^):
  
app/models/cat.rb:6: syntax error, unexpected tIDENTIFIER, expecting '}'
app/models/cat.rb:6: syntax error, unexpected '}', expecting keyword_end
app/models/cat.rb:8: syntax error, unexpected tIDENTIFIER, expecting '}'
app/models/cat.rb:8: syntax error, unexpected '}', expecting keyword_end
app/controllers/cats_controller.rb:4:in `index'
Started GET "/cats/" for ::1 at 2020-03-23 15:14:05 -0700
Processing by CatsController#index as HTML
Completed 500 Internal Server Error in 5ms (ActiveRecord: 0.0ms)


  
SyntaxError (/home/bhasty/Downloads/W7D1/all_the_cats/app/models/cat.rb:6: syntax error, unexpected tIDENTIFIER, expecting '}'
        message: "%{value} could at least be...
        ^~~~~~~
/home/bhasty/Downloads/W7D1/all_the_cats/app/models/cat.rb:6: syntax error, unexpected '}', expecting keyword_end
...e} could at least be rainbow" }
...                              ^
/home/bhasty/Downloads/W7D1/all_the_cats/app/models/cat.rb:8: syntax error, unexpected tIDENTIFIER, expecting '}'
        message: "we don't support all-inclu...
        ^~~~~~~
/home/bhasty/Downloads/W7D1/all_the_cats/app/models/cat.rb:8: syntax error, unexpected '}', expecting keyword_end
...ive cats. Minus rainbow cats" }
...                              ^):
  
app/models/cat.rb:6: syntax error, unexpected tIDENTIFIER, expecting '}'
app/models/cat.rb:6: syntax error, unexpected '}', expecting keyword_end
app/models/cat.rb:8: syntax error, unexpected tIDENTIFIER, expecting '}'
app/models/cat.rb:8: syntax error, unexpected '}', expecting keyword_end
app/controllers/cats_controller.rb:4:in `index'
Started GET "/cats/1" for 127.0.0.1 at 2020-03-23 15:15:19 -0700
  [1m[35m (0.3ms)[0m  [1m[34mSELECT "schema_migrations"."version" FROM "schema_migrations" ORDER BY "schema_migrations"."version" ASC[0m
  ↳ /home/bhasty/.rbenv/versions/2.5.1/lib/ruby/gems/2.5.0/gems/better_errors-2.6.0/lib/better_errors/middleware.rb:84
Processing by CatsController#show as HTML
  Parameters: {"id"=>"1"}
Completed 500 Internal Server Error in 14ms (ActiveRecord: 1.6ms)



NoMethodError - undefined method `valudates' for #<Class:0x00007fd39844a408>
Did you mean?  validates
               validates!
               validate
               validators:
  app/models/cat.rb:4:in `<class:Cat>'
  app/models/cat.rb:1:in `<top (required)>'
  app/controllers/cats_controller.rb:9:in `show'

Started POST "/__better_errors/d2645225a0cff4ac/variables" for 127.0.0.1 at 2020-03-23 15:15:21 -0700
Started GET "/" for ::1 at 2020-03-23 15:15:23 -0700
Processing by Rails::WelcomeController#index as HTML
  Rendering /home/bhasty/.gem/ruby/2.5.0/gems/railties-5.2.4.2/lib/rails/templates/rails/welcome/index.html.erb
  Rendered /home/bhasty/.gem/ruby/2.5.0/gems/railties-5.2.4.2/lib/rails/templates/rails/welcome/index.html.erb (1.6ms)
Completed 200 OK in 4ms (Views: 3.4ms | ActiveRecord: 0.0ms)


Started GET "/cats" for ::1 at 2020-03-23 15:15:29 -0700
Processing by CatsController#index as HTML
Completed 500 Internal Server Error in 19ms (ActiveRecord: 0.0ms)



NoMethodError - undefined method `valudates' for #<Class:0x00007fd398a29ba8>
Did you mean?  validates
               validates!
               validate
               validators:
  app/models/cat.rb:4:in `<class:Cat>'
  app/models/cat.rb:1:in `<top (required)>'
  app/controllers/cats_controller.rb:4:in `index'

Started POST "/__better_errors/8bc2462fcc6672ac/variables" for ::1 at 2020-03-23 15:15:29 -0700
Started GET "/cats/1" for 127.0.0.1 at 2020-03-23 15:15:48 -0700
Processing by CatsController#show as HTML
  Parameters: {"id"=>"1"}
  [1m[36mCat Load (0.3ms)[0m  [1m[34mSELECT  "cats".* FROM "cats" WHERE "cats"."id" = $1 LIMIT $2[0m  [["id", 1], ["LIMIT", 1]]
  ↳ app/controllers/cats_controller.rb:9
Completed 500 Internal Server Error in 16ms (ActiveRecord: 3.4ms)



ActionView::MissingTemplate - Missing template cats/show, application/show with {:locale=>[:en], :formats=>[:html], :variants=>[], :handlers=>[:raw, :erb, :html, :builder, :ruby, :coffee, :jbuilder]}. Searched in:
  * "/home/bhasty/Downloads/W7D1/all_the_cats/app/views"
:
  app/controllers/cats_controller.rb:10:in `show'

Started POST "/__better_errors/9cf44e474d92f369/variables" for 127.0.0.1 at 2020-03-23 15:15:49 -0700
Started GET "/cats" for 127.0.0.1 at 2020-03-23 15:16:00 -0700
Processing by CatsController#index as HTML
  Rendering cats/index.html.erb within layouts/application
  Rendered cats/index.html.erb within layouts/application (0.5ms)
Completed 200 OK in 934ms (Views: 933.5ms | ActiveRecord: 0.0ms)


Started GET "/cats/" for ::1 at 2020-03-23 15:16:12 -0700
Processing by CatsController#index as HTML
  Rendering cats/index.html.erb within layouts/application
  Rendered cats/index.html.erb within layouts/application (0.3ms)
Completed 200 OK in 14ms (Views: 13.0ms | ActiveRecord: 0.0ms)


Started GET "/cats" for 127.0.0.1 at 2020-03-23 15:16:41 -0700
Processing by CatsController#index as HTML
  Rendering cats/index.html.erb within layouts/application
  Rendered cats/index.html.erb within layouts/application (0.2ms)
Completed 200 OK in 10ms (Views: 9.7ms | ActiveRecord: 0.0ms)


Started GET "/cats" for 127.0.0.1 at 2020-03-23 15:21:38 -0700
Processing by CatsController#index as HTML
  Rendering cats/index.html.erb within layouts/application
  [1m[36mCat Load (0.4ms)[0m  [1m[34mSELECT  "cats".* FROM "cats" LIMIT $1[0m  [["LIMIT", 11]]
  ↳ /home/bhasty/.rbenv/versions/2.5.1/lib/ruby/gems/2.5.0/gems/did_you_mean-1.2.0/lib/did_you_mean/core_ext/name_error.rb:8
  Rendered cats/index.html.erb within layouts/application (7.2ms)
Completed 500 Internal Server Error in 10ms (ActiveRecord: 0.4ms)


  [1m[36mCACHE Cat Load (0.0ms)[0m  [1m[34mSELECT  "cats".* FROM "cats" LIMIT $1[0m  [["LIMIT", 11]]
  ↳ /home/bhasty/.rbenv/versions/2.5.1/lib/ruby/gems/2.5.0/gems/did_you_mean-1.2.0/lib/did_you_mean/core_ext/name_error.rb:8

NoMethodError - undefined method `sex' for #<Cat::ActiveRecord_Relation:0x00007fd39877f4c0>
Did you mean?  send:
  app/views/cats/index.html.erb:4:in `_app_views_cats_index_html_erb___1386536973742831015_70273394496920'
  app/controllers/cats_controller.rb:5:in `index'

Started POST "/__better_errors/d4b5d95c44763e97/variables" for 127.0.0.1 at 2020-03-23 15:21:39 -0700
  [1m[36mCat Load (0.4ms)[0m  [1m[34mSELECT  "cats".* FROM "cats" LIMIT $1[0m  [["LIMIT", 11]]
  ↳ /home/bhasty/.rbenv/versions/2.5.1/lib/ruby/gems/2.5.0/gems/did_you_mean-1.2.0/lib/did_you_mean/core_ext/name_error.rb:8
  [1m[36mCACHE Cat Load (0.0ms)[0m  [1m[34mSELECT  "cats".* FROM "cats" LIMIT $1[0m  [["LIMIT", 11]]
  ↳ /home/bhasty/.rbenv/versions/2.5.1/lib/ruby/gems/2.5.0/gems/did_you_mean-1.2.0/lib/did_you_mean/core_ext/name_error.rb:8
  [1m[36mCACHE Cat Load (0.0ms)[0m  [1m[34mSELECT  "cats".* FROM "cats" LIMIT $1[0m  [["LIMIT", 11]]
  ↳ /home/bhasty/.rbenv/versions/2.5.1/lib/ruby/gems/2.5.0/gems/better_errors-2.6.0/lib/better_errors/inspectable_value.rb:28
  [1m[36mCACHE Cat Load (0.0ms)[0m  [1m[34mSELECT  "cats".* FROM "cats" LIMIT $1[0m  [["LIMIT", 11]]
  ↳ /home/bhasty/.rbenv/versions/2.5.1/lib/ruby/gems/2.5.0/gems/better_errors-2.6.0/lib/better_errors/inspectable_value.rb:28
  [1m[36mCACHE Cat Load (0.0ms)[0m  [1m[34mSELECT  "cats".* FROM "cats" LIMIT $1[0m  [["LIMIT", 11]]
  ↳ /home/bhasty/.rbenv/versions/2.5.1/lib/ruby/gems/2.5.0/gems/did_you_mean-1.2.0/lib/did_you_mean/core_ext/name_error.rb:8
  [1m[36mCACHE Cat Load (0.0ms)[0m  [1m[34mSELECT  "cats".* FROM "cats" LIMIT $1[0m  [["LIMIT", 11]]
  ↳ /home/bhasty/.rbenv/versions/2.5.1/lib/ruby/gems/2.5.0/gems/did_you_mean-1.2.0/lib/did_you_mean/core_ext/name_error.rb:8
  [1m[36mCACHE Cat Load (0.0ms)[0m  [1m[34mSELECT  "cats".* FROM "cats" LIMIT $1[0m  [["LIMIT", 11]]
  ↳ /home/bhasty/.rbenv/versions/2.5.1/lib/ruby/gems/2.5.0/gems/did_you_mean-1.2.0/lib/did_you_mean/core_ext/name_error.rb:8
  [1m[36mCACHE Cat Load (0.0ms)[0m  [1m[34mSELECT  "cats".* FROM "cats" LIMIT $1[0m  [["LIMIT", 11]]
  ↳ /home/bhasty/.rbenv/versions/2.5.1/lib/ruby/gems/2.5.0/gems/did_you_mean-1.2.0/lib/did_you_mean/core_ext/name_error.rb:8
  [1m[36mCACHE Cat Load (0.0ms)[0m  [1m[34mSELECT  "cats".* FROM "cats" LIMIT $1[0m  [["LIMIT", 11]]
  ↳ /home/bhasty/.rbenv/versions/2.5.1/lib/ruby/gems/2.5.0/gems/better_errors-2.6.0/lib/better_errors/inspectable_value.rb:28
  [1m[36mCACHE Cat Load (0.0ms)[0m  [1m[34mSELECT  "cats".* FROM "cats" LIMIT $1[0m  [["LIMIT", 11]]
  ↳ /home/bhasty/.rbenv/versions/2.5.1/lib/ruby/gems/2.5.0/gems/did_you_mean-1.2.0/lib/did_you_mean/core_ext/name_error.rb:8
  [1m[36mCACHE Cat Load (0.0ms)[0m  [1m[34mSELECT  "cats".* FROM "cats" LIMIT $1[0m  [["LIMIT", 11]]
  ↳ /home/bhasty/.rbenv/versions/2.5.1/lib/ruby/gems/2.5.0/gems/did_you_mean-1.2.0/lib/did_you_mean/core_ext/name_error.rb:8
  [1m[36mCACHE Cat Load (0.0ms)[0m  [1m[34mSELECT  "cats".* FROM "cats" LIMIT $1[0m  [["LIMIT", 11]]
  ↳ /home/bhasty/.rbenv/versions/2.5.1/lib/ruby/gems/2.5.0/gems/better_errors-2.6.0/lib/better_errors/inspectable_value.rb:28
  [1m[36mCACHE Cat Load (0.0ms)[0m  [1m[34mSELECT  "cats".* FROM "cats" LIMIT $1[0m  [["LIMIT", 11]]
  ↳ /home/bhasty/.rbenv/versions/2.5.1/lib/ruby/gems/2.5.0/gems/better_errors-2.6.0/lib/better_errors/inspectable_value.rb:28
Started GET "/cats" for 127.0.0.1 at 2020-03-23 15:22:50 -0700
Processing by CatsController#index as HTML
  Rendering cats/index.html.erb within layouts/application
  [1m[36mCat Load (0.6ms)[0m  [1m[34mSELECT  "cats".* FROM "cats" LIMIT $1[0m  [["LIMIT", 11]]
  ↳ /home/bhasty/.rbenv/versions/2.5.1/lib/ruby/gems/2.5.0/gems/did_you_mean-1.2.0/lib/did_you_mean/core_ext/name_error.rb:8
  Rendered cats/index.html.erb within layouts/application (10.2ms)
Completed 500 Internal Server Error in 14ms (ActiveRecord: 0.6ms)


  [1m[36mCACHE Cat Load (0.0ms)[0m  [1m[34mSELECT  "cats".* FROM "cats" LIMIT $1[0m  [["LIMIT", 11]]
  ↳ /home/bhasty/.rbenv/versions/2.5.1/lib/ruby/gems/2.5.0/gems/did_you_mean-1.2.0/lib/did_you_mean/core_ext/name_error.rb:8

NoMethodError - undefined method `color' for #<Cat::ActiveRecord_Relation:0x00007fd39ca8e6f8>:
  app/views/cats/index.html.erb:5:in `_app_views_cats_index_html_erb___1386536973742831015_70273421595140'
  app/controllers/cats_controller.rb:5:in `index'

Started POST "/__better_errors/0f0503a1fbb968c8/variables" for 127.0.0.1 at 2020-03-23 15:22:51 -0700
  [1m[36mCat Load (0.5ms)[0m  [1m[34mSELECT  "cats".* FROM "cats" LIMIT $1[0m  [["LIMIT", 11]]
  ↳ /home/bhasty/.rbenv/versions/2.5.1/lib/ruby/gems/2.5.0/gems/did_you_mean-1.2.0/lib/did_you_mean/core_ext/name_error.rb:8
  [1m[36mCACHE Cat Load (0.0ms)[0m  [1m[34mSELECT  "cats".* FROM "cats" LIMIT $1[0m  [["LIMIT", 11]]
  ↳ /home/bhasty/.rbenv/versions/2.5.1/lib/ruby/gems/2.5.0/gems/did_you_mean-1.2.0/lib/did_you_mean/core_ext/name_error.rb:8
  [1m[36mCACHE Cat Load (0.0ms)[0m  [1m[34mSELECT  "cats".* FROM "cats" LIMIT $1[0m  [["LIMIT", 11]]
  ↳ /home/bhasty/.rbenv/versions/2.5.1/lib/ruby/gems/2.5.0/gems/better_errors-2.6.0/lib/better_errors/inspectable_value.rb:28
  [1m[36mCACHE Cat Load (0.0ms)[0m  [1m[34mSELECT  "cats".* FROM "cats" LIMIT $1[0m  [["LIMIT", 11]]
  ↳ /home/bhasty/.rbenv/versions/2.5.1/lib/ruby/gems/2.5.0/gems/better_errors-2.6.0/lib/better_errors/inspectable_value.rb:28
  [1m[36mCACHE Cat Load (0.0ms)[0m  [1m[34mSELECT  "cats".* FROM "cats" LIMIT $1[0m  [["LIMIT", 11]]
  ↳ /home/bhasty/.rbenv/versions/2.5.1/lib/ruby/gems/2.5.0/gems/did_you_mean-1.2.0/lib/did_you_mean/core_ext/name_error.rb:8
  [1m[36mCACHE Cat Load (0.0ms)[0m  [1m[34mSELECT  "cats".* FROM "cats" LIMIT $1[0m  [["LIMIT", 11]]
  ↳ /home/bhasty/.rbenv/versions/2.5.1/lib/ruby/gems/2.5.0/gems/did_you_mean-1.2.0/lib/did_you_mean/core_ext/name_error.rb:8
  [1m[36mCACHE Cat Load (0.0ms)[0m  [1m[34mSELECT  "cats".* FROM "cats" LIMIT $1[0m  [["LIMIT", 11]]
  ↳ /home/bhasty/.rbenv/versions/2.5.1/lib/ruby/gems/2.5.0/gems/did_you_mean-1.2.0/lib/did_you_mean/core_ext/name_error.rb:8
  [1m[36mCACHE Cat Load (0.0ms)[0m  [1m[34mSELECT  "cats".* FROM "cats" LIMIT $1[0m  [["LIMIT", 11]]
  ↳ /home/bhasty/.rbenv/versions/2.5.1/lib/ruby/gems/2.5.0/gems/did_you_mean-1.2.0/lib/did_you_mean/core_ext/name_error.rb:8
  [1m[36mCACHE Cat Load (0.0ms)[0m  [1m[34mSELECT  "cats".* FROM "cats" LIMIT $1[0m  [["LIMIT", 11]]
  ↳ /home/bhasty/.rbenv/versions/2.5.1/lib/ruby/gems/2.5.0/gems/better_errors-2.6.0/lib/better_errors/inspectable_value.rb:28
  [1m[36mCACHE Cat Load (0.0ms)[0m  [1m[34mSELECT  "cats".* FROM "cats" LIMIT $1[0m  [["LIMIT", 11]]
  ↳ /home/bhasty/.rbenv/versions/2.5.1/lib/ruby/gems/2.5.0/gems/did_you_mean-1.2.0/lib/did_you_mean/core_ext/name_error.rb:8
  [1m[36mCACHE Cat Load (0.0ms)[0m  [1m[34mSELECT  "cats".* FROM "cats" LIMIT $1[0m  [["LIMIT", 11]]
  ↳ /home/bhasty/.rbenv/versions/2.5.1/lib/ruby/gems/2.5.0/gems/did_you_mean-1.2.0/lib/did_you_mean/core_ext/name_error.rb:8
  [1m[36mCACHE Cat Load (0.0ms)[0m  [1m[34mSELECT  "cats".* FROM "cats" LIMIT $1[0m  [["LIMIT", 11]]
  ↳ /home/bhasty/.rbenv/versions/2.5.1/lib/ruby/gems/2.5.0/gems/better_errors-2.6.0/lib/better_errors/inspectable_value.rb:28
  [1m[36mCACHE Cat Load (0.0ms)[0m  [1m[34mSELECT  "cats".* FROM "cats" LIMIT $1[0m  [["LIMIT", 11]]
  ↳ /home/bhasty/.rbenv/versions/2.5.1/lib/ruby/gems/2.5.0/gems/better_errors-2.6.0/lib/better_errors/inspectable_value.rb:28
Started GET "/cats" for 127.0.0.1 at 2020-03-23 15:30:02 -0700
Processing by CatsController#index as HTML
  Rendering cats/index.html.erb within layouts/application
  [1m[36mCat Load (0.8ms)[0m  [1m[34mSELECT "cats".* FROM "cats"[0m
  ↳ app/views/cats/index.html.erb:3
  Rendered cats/index.html.erb within layouts/application (19.9ms)
Completed 500 Internal Server Error in 25ms (ActiveRecord: 6.3ms)



NoMethodError - undefined method `name' for nil:NilClass:
  app/views/cats/index.html.erb:4:in `block in _app_views_cats_index_html_erb___1386536973742831015_70273420498520'
  app/views/cats/index.html.erb:3:in `_app_views_cats_index_html_erb___1386536973742831015_70273420498520'
  app/controllers/cats_controller.rb:5:in `index'

Started POST "/__better_errors/31b7707e5ffec018/variables" for 127.0.0.1 at 2020-03-23 15:30:03 -0700
Started GET "/cats" for 127.0.0.1 at 2020-03-23 15:30:18 -0700
Processing by CatsController#index as HTML
  Rendering cats/index.html.erb within layouts/application
  [1m[36mCat Load (0.6ms)[0m  [1m[34mSELECT "cats".* FROM "cats"[0m
  ↳ app/views/cats/index.html.erb:3
  Rendered cats/index.html.erb within layouts/application (2.7ms)
Completed 200 OK in 37ms (Views: 35.1ms | ActiveRecord: 0.6ms)


Started GET "/cats" for 127.0.0.1 at 2020-03-23 15:31:38 -0700
Processing by CatsController#index as HTML
  Rendering cats/index.html.erb within layouts/application
  [1m[36mCat Load (0.5ms)[0m  [1m[34mSELECT "cats".* FROM "cats"[0m
  ↳ app/views/cats/index.html.erb:3
  Rendered cats/index.html.erb within layouts/application (2.4ms)
Completed 200 OK in 20ms (Views: 18.8ms | ActiveRecord: 0.5ms)


Started GET "/cats" for 127.0.0.1 at 2020-03-23 15:32:01 -0700
Processing by CatsController#index as HTML
  Rendering cats/index.html.erb within layouts/application
  [1m[36mCat Load (0.7ms)[0m  [1m[34mSELECT "cats".* FROM "cats"[0m
  ↳ app/views/cats/index.html.erb:3
  Rendered cats/index.html.erb within layouts/application (3.2ms)
Completed 200 OK in 27ms (Views: 25.6ms | ActiveRecord: 0.7ms)


Started GET "/cats/1" for 127.0.0.1 at 2020-03-23 15:35:04 -0700
Processing by CatsController#show as HTML
  Parameters: {"id"=>"1"}
  [1m[36mCat Load (0.6ms)[0m  [1m[34mSELECT  "cats".* FROM "cats" WHERE "cats"."id" = $1 LIMIT $2[0m  [["id", 1], ["LIMIT", 1]]
  ↳ app/controllers/cats_controller.rb:9
  Rendering cats/show.html.erb within layouts/application
  Rendered cats/show.html.erb within layouts/application (0.9ms)
Completed 200 OK in 29ms (Views: 25.0ms | ActiveRecord: 0.9ms)


Started GET "/cats" for 127.0.0.1 at 2020-03-23 15:40:14 -0700
Processing by CatsController#index as HTML
  Rendering cats/index.html.erb within layouts/application
  [1m[36mCat Load (0.6ms)[0m  [1m[34mSELECT "cats".* FROM "cats"[0m
  ↳ app/views/cats/index.html.erb:4
  Rendered cats/index.html.erb within layouts/application (3.2ms)
Completed 200 OK in 32ms (Views: 30.9ms | ActiveRecord: 0.6ms)


Started GET "/cats" for 127.0.0.1 at 2020-03-23 15:40:17 -0700
Processing by CatsController#index as HTML
  Rendering cats/index.html.erb within layouts/application
  [1m[36mCat Load (0.6ms)[0m  [1m[34mSELECT "cats".* FROM "cats"[0m
  ↳ app/views/cats/index.html.erb:4
  Rendered cats/index.html.erb within layouts/application (3.0ms)
Completed 200 OK in 38ms (Views: 36.1ms | ActiveRecord: 0.6ms)


Started GET "/cats" for 127.0.0.1 at 2020-03-23 15:40:20 -0700
Processing by CatsController#index as HTML
  Rendering cats/index.html.erb within layouts/application
  [1m[36mCat Load (0.5ms)[0m  [1m[34mSELECT "cats".* FROM "cats"[0m
  ↳ app/views/cats/index.html.erb:4
  Rendered cats/index.html.erb within layouts/application (3.1ms)
Completed 200 OK in 27ms (Views: 26.0ms | ActiveRecord: 0.5ms)


Started GET "/cats" for 127.0.0.1 at 2020-03-23 15:40:21 -0700
Processing by CatsController#index as HTML
  Rendering cats/index.html.erb within layouts/application
  [1m[36mCat Load (0.7ms)[0m  [1m[34mSELECT "cats".* FROM "cats"[0m
  ↳ app/views/cats/index.html.erb:4
  Rendered cats/index.html.erb within layouts/application (3.8ms)
Completed 200 OK in 30ms (Views: 27.9ms | ActiveRecord: 0.7ms)


Started GET "/cats" for 127.0.0.1 at 2020-03-23 15:40:22 -0700
Processing by CatsController#index as HTML
  Rendering cats/index.html.erb within layouts/application
  [1m[36mCat Load (0.8ms)[0m  [1m[34mSELECT "cats".* FROM "cats"[0m
  ↳ app/views/cats/index.html.erb:4
  Rendered cats/index.html.erb within layouts/application (3.4ms)
Completed 200 OK in 36ms (Views: 33.4ms | ActiveRecord: 0.8ms)


Started GET "/cats" for 127.0.0.1 at 2020-03-23 15:40:23 -0700
Processing by CatsController#index as HTML
  Rendering cats/index.html.erb within layouts/application
  [1m[36mCat Load (0.3ms)[0m  [1m[34mSELECT "cats".* FROM "cats"[0m
  ↳ app/views/cats/index.html.erb:4
  Rendered cats/index.html.erb within layouts/application (1.2ms)
Completed 200 OK in 16ms (Views: 15.6ms | ActiveRecord: 0.3ms)


Started GET "/cats" for 127.0.0.1 at 2020-03-23 16:03:12 -0700
Processing by CatsController#index as HTML
  Rendering cats/index.html.erb within layouts/application
  [1m[36mCat Load (1.2ms)[0m  [1m[34mSELECT "cats".* FROM "cats"[0m
  ↳ app/views/cats/index.html.erb:4
  Rendered cats/index.html.erb within layouts/application (4.4ms)
Completed 200 OK in 28ms (Views: 25.1ms | ActiveRecord: 1.2ms)


Started GET "/cats" for 127.0.0.1 at 2020-03-23 16:03:13 -0700
Processing by CatsController#index as HTML
  Rendering cats/index.html.erb within layouts/application
  [1m[36mCat Load (0.2ms)[0m  [1m[34mSELECT "cats".* FROM "cats"[0m
  ↳ app/views/cats/index.html.erb:4
  Rendered cats/index.html.erb within layouts/application (1.0ms)
Completed 200 OK in 9ms (Views: 8.9ms | ActiveRecord: 0.2ms)


Started GET "/cats" for 127.0.0.1 at 2020-03-23 16:03:14 -0700
Processing by CatsController#index as HTML
  Rendering cats/index.html.erb within layouts/application
  [1m[36mCat Load (0.5ms)[0m  [1m[34mSELECT "cats".* FROM "cats"[0m
  ↳ app/views/cats/index.html.erb:4
  Rendered cats/index.html.erb within layouts/application (2.3ms)
Completed 200 OK in 28ms (Views: 26.5ms | ActiveRecord: 0.5ms)


Started GET "/cats" for 127.0.0.1 at 2020-03-23 16:05:12 -0700
Processing by CatsController#index as HTML
  Rendering cats/index.html.erb within layouts/application
  Rendered cats/index.html.erb within layouts/application (3.4ms)
Completed 500 Internal Server Error in 7ms (ActiveRecord: 0.0ms)



ActionController::UrlGenerationError - No route matches {:action=>"show", :controller=>"cats"}, missing required keys: [:id]:
  app/views/cats/index.html.erb:2:in `_app_views_cats_index_html_erb___1386536973742831015_70273551677700'
  app/controllers/cats_controller.rb:5:in `index'

Started POST "/__better_errors/355a73b64056dce7/variables" for 127.0.0.1 at 2020-03-23 16:05:13 -0700
  [1m[36mCat Load (0.2ms)[0m  [1m[34mSELECT  "cats".* FROM "cats" LIMIT $1[0m  [["LIMIT", 11]]
  ↳ /home/bhasty/.rbenv/versions/2.5.1/lib/ruby/gems/2.5.0/gems/better_errors-2.6.0/lib/better_errors/inspectable_value.rb:28
  [1m[36mCACHE Cat Load (0.0ms)[0m  [1m[34mSELECT  "cats".* FROM "cats" LIMIT $1[0m  [["LIMIT", 11]]
  ↳ /home/bhasty/.rbenv/versions/2.5.1/lib/ruby/gems/2.5.0/gems/better_errors-2.6.0/lib/better_errors/inspectable_value.rb:28
  [1m[36mCACHE Cat Load (0.0ms)[0m  [1m[34mSELECT  "cats".* FROM "cats" LIMIT $1[0m  [["LIMIT", 11]]
  ↳ /home/bhasty/.rbenv/versions/2.5.1/lib/ruby/gems/2.5.0/gems/better_errors-2.6.0/lib/better_errors/inspectable_value.rb:28
  [1m[36mCACHE Cat Load (0.0ms)[0m  [1m[34mSELECT  "cats".* FROM "cats" LIMIT $1[0m  [["LIMIT", 11]]
  ↳ /home/bhasty/.rbenv/versions/2.5.1/lib/ruby/gems/2.5.0/gems/better_errors-2.6.0/lib/better_errors/inspectable_value.rb:28
  [1m[36mCACHE Cat Load (0.0ms)[0m  [1m[34mSELECT  "cats".* FROM "cats" LIMIT $1[0m  [["LIMIT", 11]]
  ↳ /home/bhasty/.rbenv/versions/2.5.1/lib/ruby/gems/2.5.0/gems/better_errors-2.6.0/lib/better_errors/inspectable_value.rb:28
Started GET "/cats" for 127.0.0.1 at 2020-03-23 16:08:23 -0700
Processing by CatsController#index as HTML
  Rendering cats/index.html.erb within layouts/application
  [1m[36mCat Load (0.2ms)[0m  [1m[34mSELECT "cats".* FROM "cats"[0m
  ↳ app/views/cats/index.html.erb:3
  Rendered cats/index.html.erb within layouts/application (1.0ms)
Completed 200 OK in 11ms (Views: 10.5ms | ActiveRecord: 0.2ms)


Started GET "/cats" for 127.0.0.1 at 2020-03-23 16:08:26 -0700
Processing by CatsController#index as HTML
  Rendering cats/index.html.erb within layouts/application
  [1m[36mCat Load (0.2ms)[0m  [1m[34mSELECT "cats".* FROM "cats"[0m
  ↳ app/views/cats/index.html.erb:3
  Rendered cats/index.html.erb within layouts/application (1.2ms)
Completed 200 OK in 10ms (Views: 9.7ms | ActiveRecord: 0.2ms)


Started GET "/cats" for 127.0.0.1 at 2020-03-23 16:08:29 -0700
Processing by CatsController#index as HTML
  Rendering cats/index.html.erb within layouts/application
  [1m[36mCat Load (0.6ms)[0m  [1m[34mSELECT "cats".* FROM "cats"[0m
  ↳ app/views/cats/index.html.erb:3
  Rendered cats/index.html.erb within layouts/application (3.2ms)
Completed 200 OK in 26ms (Views: 24.7ms | ActiveRecord: 0.6ms)


Started GET "/cats" for 127.0.0.1 at 2020-03-23 16:08:31 -0700
Processing by CatsController#index as HTML
  Rendering cats/index.html.erb within layouts/application
  [1m[36mCat Load (0.6ms)[0m  [1m[34mSELECT "cats".* FROM "cats"[0m
  ↳ app/views/cats/index.html.erb:3
  Rendered cats/index.html.erb within layouts/application (3.6ms)
Completed 200 OK in 28ms (Views: 26.1ms | ActiveRecord: 0.6ms)


Started GET "/cats" for 127.0.0.1 at 2020-03-23 16:08:32 -0700
Processing by CatsController#index as HTML
  Rendering cats/index.html.erb within layouts/application
  [1m[36mCat Load (0.7ms)[0m  [1m[34mSELECT "cats".* FROM "cats"[0m
  ↳ app/views/cats/index.html.erb:3
  Rendered cats/index.html.erb within layouts/application (2.8ms)
Completed 200 OK in 30ms (Views: 28.8ms | ActiveRecord: 0.7ms)


Started GET "/cats" for 127.0.0.1 at 2020-03-23 16:09:13 -0700
Processing by CatsController#index as HTML
  Rendering cats/index.html.erb within layouts/application
  [1m[36mCat Load (0.4ms)[0m  [1m[34mSELECT "cats".* FROM "cats"[0m
  ↳ app/views/cats/index.html.erb:3
  Rendered cats/index.html.erb within layouts/application (2.2ms)
Completed 200 OK in 23ms (Views: 21.9ms | ActiveRecord: 0.4ms)


Started GET "/cats" for 127.0.0.1 at 2020-03-23 16:10:04 -0700
  [1m[35m (0.4ms)[0m  [1m[34mSELECT "schema_migrations"."version" FROM "schema_migrations" ORDER BY "schema_migrations"."version" ASC[0m
  ↳ /home/bhasty/.rbenv/versions/2.5.1/lib/ruby/gems/2.5.0/gems/better_errors-2.6.0/lib/better_errors/middleware.rb:84
Processing by CatsController#index as HTML
  Rendering cats/index.html.erb within layouts/application
  [1m[36mCat Load (0.4ms)[0m  [1m[34mSELECT "cats".* FROM "cats"[0m
  ↳ app/views/cats/index.html.erb:3
  Rendered cats/index.html.erb within layouts/application (9.5ms)
Completed 200 OK in 131ms (Views: 123.6ms | ActiveRecord: 2.7ms)


Started GET "/cats" for 127.0.0.1 at 2020-03-23 16:10:09 -0700
Processing by CatsController#index as HTML
  Rendering cats/index.html.erb within layouts/application
  [1m[36mCat Load (0.2ms)[0m  [1m[34mSELECT "cats".* FROM "cats"[0m
  ↳ app/views/cats/index.html.erb:3
  Rendered cats/index.html.erb within layouts/application (1.3ms)
Completed 200 OK in 19ms (Views: 18.5ms | ActiveRecord: 0.2ms)


Started GET "/cats/1" for 127.0.0.1 at 2020-03-23 16:10:23 -0700
Processing by CatsController#show as HTML
  Parameters: {"id"=>"1"}
  [1m[36mCat Load (0.3ms)[0m  [1m[34mSELECT  "cats".* FROM "cats" WHERE "cats"."id" = $1 LIMIT $2[0m  [["id", 1], ["LIMIT", 1]]
  ↳ app/controllers/cats_controller.rb:9
  Rendering cats/show.html.erb within layouts/application
  Rendered cats/show.html.erb within layouts/application (0.4ms)
Completed 200 OK in 14ms (Views: 11.3ms | ActiveRecord: 0.4ms)


Started GET "/cats" for 127.0.0.1 at 2020-03-23 16:10:40 -0700
Processing by CatsController#index as HTML
  Rendering cats/index.html.erb within layouts/application
  [1m[36mCat Load (0.2ms)[0m  [1m[34mSELECT "cats".* FROM "cats"[0m
  ↳ app/views/cats/index.html.erb:3
  Rendered cats/index.html.erb within layouts/application (1.1ms)
Completed 200 OK in 10ms (Views: 9.4ms | ActiveRecord: 0.2ms)


Started GET "/cats" for 127.0.0.1 at 2020-03-23 16:12:01 -0700
Processing by CatsController#index as HTML
  Rendering cats/index.html.erb within layouts/application
  Rendered cats/index.html.erb within layouts/application (0.7ms)
Completed 500 Internal Server Error in 2ms (ActiveRecord: 0.0ms)



SyntaxError - unknown regexp options - cat:
  app/views/cats/index.html.erb:5:in `'
  app/controllers/cats_controller.rb:5:in `index'

Started POST "/__better_errors/666586a04b14f532/variables" for 127.0.0.1 at 2020-03-23 16:12:02 -0700
  [1m[36mCat Load (0.3ms)[0m  [1m[34mSELECT  "cats".* FROM "cats" LIMIT $1[0m  [["LIMIT", 11]]
  ↳ /home/bhasty/.rbenv/versions/2.5.1/lib/ruby/gems/2.5.0/gems/better_errors-2.6.0/lib/better_errors/inspectable_value.rb:28
Started GET "/cats" for 127.0.0.1 at 2020-03-23 16:12:46 -0700
Processing by CatsController#index as HTML
  Rendering cats/index.html.erb within layouts/application
  [1m[36mCat Load (1.2ms)[0m  [1m[34mSELECT "cats".* FROM "cats"[0m
  ↳ app/views/cats/index.html.erb:3
  Rendered cats/index.html.erb within layouts/application (2.1ms)
Completed 200 OK in 12ms (Views: 10.7ms | ActiveRecord: 1.2ms)


Started GET "/cats" for 127.0.0.1 at 2020-03-23 16:12:48 -0700
Processing by CatsController#index as HTML
  Rendering cats/index.html.erb within layouts/application
  [1m[36mCat Load (0.2ms)[0m  [1m[34mSELECT "cats".* FROM "cats"[0m
  ↳ app/views/cats/index.html.erb:3
  Rendered cats/index.html.erb within layouts/application (1.0ms)
Completed 200 OK in 10ms (Views: 9.6ms | ActiveRecord: 0.2ms)


Started GET "/cats" for 127.0.0.1 at 2020-03-23 16:12:52 -0700
Processing by CatsController#index as HTML
  Rendering cats/index.html.erb within layouts/application
  [1m[36mCat Load (0.2ms)[0m  [1m[34mSELECT "cats".* FROM "cats"[0m
  ↳ app/views/cats/index.html.erb:3
  Rendered cats/index.html.erb within layouts/application (0.9ms)
Completed 200 OK in 11ms (Views: 10.0ms | ActiveRecord: 0.2ms)


Started GET "/cats" for 127.0.0.1 at 2020-03-23 16:12:53 -0700
Processing by CatsController#index as HTML
  Rendering cats/index.html.erb within layouts/application
  [1m[36mCat Load (0.2ms)[0m  [1m[34mSELECT "cats".* FROM "cats"[0m
  ↳ app/views/cats/index.html.erb:3
  Rendered cats/index.html.erb within layouts/application (1.2ms)
Completed 200 OK in 10ms (Views: 9.5ms | ActiveRecord: 0.2ms)


Started GET "/cats" for 127.0.0.1 at 2020-03-23 16:14:35 -0700
Processing by CatsController#index as HTML
  Rendering cats/index.html.erb within layouts/application
  [1m[36mCat Load (0.3ms)[0m  [1m[34mSELECT "cats".* FROM "cats"[0m
  ↳ app/views/cats/index.html.erb:3
  Rendered cats/index.html.erb within layouts/application (1.2ms)
Completed 200 OK in 10ms (Views: 9.8ms | ActiveRecord: 0.3ms)


Started GET "/cats/1%" for 127.0.0.1 at 2020-03-23 16:14:38 -0700
Processing by CatsController#show as HTML
  Parameters: {"id"=>"1%"}
  [1m[36mCat Load (0.5ms)[0m  [1m[34mSELECT  "cats".* FROM "cats" WHERE "cats"."id" = $1 LIMIT $2[0m  [["id", 1], ["LIMIT", 1]]
  ↳ app/controllers/cats_controller.rb:9
  Rendering cats/show.html.erb within layouts/application
  Rendered cats/show.html.erb within layouts/application (0.9ms)
Completed 200 OK in 27ms (Views: 23.7ms | ActiveRecord: 0.5ms)


Started GET "/cats/1%" for 127.0.0.1 at 2020-03-23 16:16:23 -0700
Processing by CatsController#show as HTML
  Parameters: {"id"=>"1%"}
  [1m[36mCat Load (0.2ms)[0m  [1m[34mSELECT  "cats".* FROM "cats" WHERE "cats"."id" = $1 LIMIT $2[0m  [["id", 1], ["LIMIT", 1]]
  ↳ app/controllers/cats_controller.rb:9
  Rendering cats/show.html.erb within layouts/application
  [1m[36mCat Load (0.2ms)[0m  [1m[34mSELECT  "cats".* FROM "cats" LIMIT $1[0m  [["LIMIT", 11]]
  ↳ /home/bhasty/.rbenv/versions/2.5.1/lib/ruby/gems/2.5.0/gems/did_you_mean-1.2.0/lib/did_you_mean/core_ext/name_error.rb:8
  [1m[36mCACHE Cat Load (0.0ms)[0m  [1m[34mSELECT  "cats".* FROM "cats" LIMIT $1[0m  [["LIMIT", 11]]
  ↳ /home/bhasty/.rbenv/versions/2.5.1/lib/ruby/gems/2.5.0/gems/did_you_mean-1.2.0/lib/did_you_mean/core_ext/name_error.rb:8
  [1m[36mCACHE Cat Load (0.0ms)[0m  [1m[34mSELECT  "cats".* FROM "cats" LIMIT $1[0m  [["LIMIT", 11]]
  ↳ /home/bhasty/.rbenv/versions/2.5.1/lib/ruby/gems/2.5.0/gems/did_you_mean-1.2.0/lib/did_you_mean/core_ext/name_error.rb:8
  [1m[36mCACHE Cat Load (0.0ms)[0m  [1m[34mSELECT  "cats".* FROM "cats" LIMIT $1[0m  [["LIMIT", 11]]
  ↳ /home/bhasty/.rbenv/versions/2.5.1/lib/ruby/gems/2.5.0/gems/did_you_mean-1.2.0/lib/did_you_mean/core_ext/name_error.rb:8
  [1m[36mCACHE Cat Load (0.0ms)[0m  [1m[34mSELECT  "cats".* FROM "cats" LIMIT $1[0m  [["LIMIT", 11]]
  ↳ /home/bhasty/.rbenv/versions/2.5.1/lib/ruby/gems/2.5.0/gems/did_you_mean-1.2.0/lib/did_you_mean/core_ext/name_error.rb:8
  [1m[36mCACHE Cat Load (0.0ms)[0m  [1m[34mSELECT  "cats".* FROM "cats" LIMIT $1[0m  [["LIMIT", 11]]
  ↳ /home/bhasty/.rbenv/versions/2.5.1/lib/ruby/gems/2.5.0/gems/did_you_mean-1.2.0/lib/did_you_mean/core_ext/name_error.rb:8
  [1m[36mCACHE Cat Load (0.0ms)[0m  [1m[34mSELECT  "cats".* FROM "cats" LIMIT $1[0m  [["LIMIT", 11]]
  ↳ /home/bhasty/.rbenv/versions/2.5.1/lib/ruby/gems/2.5.0/gems/did_you_mean-1.2.0/lib/did_you_mean/core_ext/name_error.rb:4
  [1m[36mCACHE Cat Load (0.0ms)[0m  [1m[34mSELECT  "cats".* FROM "cats" LIMIT $1[0m  [["LIMIT", 11]]
  ↳ /home/bhasty/.rbenv/versions/2.5.1/lib/ruby/gems/2.5.0/gems/did_you_mean-1.2.0/lib/did_you_mean/core_ext/name_error.rb:4
  [1m[36mCACHE Cat Load (0.0ms)[0m  [1m[34mSELECT  "cats".* FROM "cats" LIMIT $1[0m  [["LIMIT", 11]]
  ↳ /home/bhasty/.rbenv/versions/2.5.1/lib/ruby/gems/2.5.0/gems/did_you_mean-1.2.0/lib/did_you_mean/core_ext/name_error.rb:4
  [1m[36mCACHE Cat Load (0.0ms)[0m  [1m[34mSELECT  "cats".* FROM "cats" LIMIT $1[0m  [["LIMIT", 11]]
  ↳ /home/bhasty/.rbenv/versions/2.5.1/lib/ruby/gems/2.5.0/gems/did_you_mean-1.2.0/lib/did_you_mean/core_ext/name_error.rb:4
  [1m[36mCACHE Cat Load (0.0ms)[0m  [1m[34mSELECT  "cats".* FROM "cats" LIMIT $1[0m  [["LIMIT", 11]]
  ↳ /home/bhasty/.rbenv/versions/2.5.1/lib/ruby/gems/2.5.0/gems/did_you_mean-1.2.0/lib/did_you_mean/core_ext/name_error.rb:4
  [1m[36mCACHE Cat Load (0.0ms)[0m  [1m[34mSELECT  "cats".* FROM "cats" LIMIT $1[0m  [["LIMIT", 11]]
  ↳ /home/bhasty/.rbenv/versions/2.5.1/lib/ruby/gems/2.5.0/gems/did_you_mean-1.2.0/lib/did_you_mean/core_ext/name_error.rb:4
  Rendered cats/show.html.erb within layouts/application (254.9ms)
Completed 500 Internal Server Error in 257ms (ActiveRecord: 0.6ms)


  [1m[36mCACHE Cat Load (0.0ms)[0m  [1m[34mSELECT  "cats".* FROM "cats" LIMIT $1[0m  [["LIMIT", 11]]
  ↳ /home/bhasty/.rbenv/versions/2.5.1/lib/ruby/gems/2.5.0/gems/did_you_mean-1.2.0/lib/did_you_mean/core_ext/name_error.rb:8
  [1m[36mCACHE Cat Load (0.0ms)[0m  [1m[34mSELECT  "cats".* FROM "cats" LIMIT $1[0m  [["LIMIT", 11]]
  ↳ /home/bhasty/.rbenv/versions/2.5.1/lib/ruby/gems/2.5.0/gems/did_you_mean-1.2.0/lib/did_you_mean/core_ext/name_error.rb:8
  [1m[36mCACHE Cat Load (0.0ms)[0m  [1m[34mSELECT  "cats".* FROM "cats" LIMIT $1[0m  [["LIMIT", 11]]
  ↳ /home/bhasty/.rbenv/versions/2.5.1/lib/ruby/gems/2.5.0/gems/did_you_mean-1.2.0/lib/did_you_mean/core_ext/name_error.rb:8
  [1m[36mCACHE Cat Load (0.0ms)[0m  [1m[34mSELECT  "cats".* FROM "cats" LIMIT $1[0m  [["LIMIT", 11]]
  ↳ /home/bhasty/.rbenv/versions/2.5.1/lib/ruby/gems/2.5.0/gems/did_you_mean-1.2.0/lib/did_you_mean/core_ext/name_error.rb:8
  [1m[36mCACHE Cat Load (0.0ms)[0m  [1m[34mSELECT  "cats".* FROM "cats" LIMIT $1[0m  [["LIMIT", 11]]
  ↳ /home/bhasty/.rbenv/versions/2.5.1/lib/ruby/gems/2.5.0/gems/did_you_mean-1.2.0/lib/did_you_mean/core_ext/name_error.rb:8
  [1m[36mCACHE Cat Load (0.0ms)[0m  [1m[34mSELECT  "cats".* FROM "cats" LIMIT $1[0m  [["LIMIT", 11]]
  ↳ /home/bhasty/.rbenv/versions/2.5.1/lib/ruby/gems/2.5.0/gems/did_you_mean-1.2.0/lib/did_you_mean/core_ext/name_error.rb:8

NameError - undefined local variable or method `cat' for #<#<Class:0x0000556d23caf018>:0x00007fe44d3a1f90>
Did you mean?  @cat:
  app/views/cats/show.html.erb:7:in `_app_views_cats_show_html_erb___3997111659235995700_70309270134040'
  app/controllers/cats_controller.rb:10:in `show'

Started POST "/__better_errors/db19aa8d816205ef/variables" for 127.0.0.1 at 2020-03-23 16:16:25 -0700
Started GET "/cats/1" for 127.0.0.1 at 2020-03-23 16:16:55 -0700
Processing by CatsController#show as HTML
  Parameters: {"id"=>"1"}
  [1m[36mCat Load (0.3ms)[0m  [1m[34mSELECT  "cats".* FROM "cats" WHERE "cats"."id" = $1 LIMIT $2[0m  [["id", 1], ["LIMIT", 1]]
  ↳ app/controllers/cats_controller.rb:9
  Rendering cats/show.html.erb within layouts/application
  Rendered cats/show.html.erb within layouts/application (0.4ms)
Completed 200 OK in 9ms (Views: 8.1ms | ActiveRecord: 0.3ms)


Started GET "/cats%" for 127.0.0.1 at 2020-03-23 16:16:59 -0700
  
ActionController::RoutingError (No route matches [GET] "/cats%"):
  
actionpack (5.2.4.2) lib/action_dispatch/middleware/debug_exceptions.rb:65:in `call'
web-console (3.7.0) lib/web_console/middleware.rb:135:in `call_app'
web-console (3.7.0) lib/web_console/middleware.rb:30:in `block in call'
web-console (3.7.0) lib/web_console/middleware.rb:20:in `catch'
web-console (3.7.0) lib/web_console/middleware.rb:20:in `call'
actionpack (5.2.4.2) lib/action_dispatch/middleware/show_exceptions.rb:33:in `call'
railties (5.2.4.2) lib/rails/rack/logger.rb:38:in `call_app'
railties (5.2.4.2) lib/rails/rack/logger.rb:26:in `block in call'
activesupport (5.2.4.2) lib/active_support/tagged_logging.rb:71:in `block in tagged'
activesupport (5.2.4.2) lib/active_support/tagged_logging.rb:28:in `tagged'
activesupport (5.2.4.2) lib/active_support/tagged_logging.rb:71:in `tagged'
railties (5.2.4.2) lib/rails/rack/logger.rb:26:in `call'
sprockets-rails (3.2.1) lib/sprockets/rails/quiet_assets.rb:13:in `call'
actionpack (5.2.4.2) lib/action_dispatch/middleware/remote_ip.rb:81:in `call'
actionpack (5.2.4.2) lib/action_dispatch/middleware/request_id.rb:27:in `call'
rack (2.2.2) lib/rack/method_override.rb:24:in `call'
rack (2.2.2) lib/rack/runtime.rb:22:in `call'
activesupport (5.2.4.2) lib/active_support/cache/strategy/local_cache_middleware.rb:29:in `call'
actionpack (5.2.4.2) lib/action_dispatch/middleware/executor.rb:14:in `call'
actionpack (5.2.4.2) lib/action_dispatch/middleware/static.rb:127:in `call'
rack (2.2.2) lib/rack/sendfile.rb:110:in `call'
railties (5.2.4.2) lib/rails/engine.rb:524:in `call'
puma (3.12.4) lib/puma/configuration.rb:227:in `call'
puma (3.12.4) lib/puma/server.rb:675:in `handle_request'
puma (3.12.4) lib/puma/server.rb:476:in `process_client'
puma (3.12.4) lib/puma/server.rb:334:in `block in run'
puma (3.12.4) lib/puma/thread_pool.rb:135:in `block in spawn_thread'
Started GET "/cats/1" for 127.0.0.1 at 2020-03-23 16:17:20 -0700
Processing by CatsController#show as HTML
  Parameters: {"id"=>"1"}
  [1m[36mCat Load (0.2ms)[0m  [1m[34mSELECT  "cats".* FROM "cats" WHERE "cats"."id" = $1 LIMIT $2[0m  [["id", 1], ["LIMIT", 1]]
  ↳ app/controllers/cats_controller.rb:9
  Rendering cats/show.html.erb within layouts/application
  Rendered cats/show.html.erb within layouts/application (0.4ms)
Completed 200 OK in 10ms (Views: 9.2ms | ActiveRecord: 0.2ms)


Started GET "/cats" for 127.0.0.1 at 2020-03-23 16:17:23 -0700
Processing by CatsController#index as HTML
  Rendering cats/index.html.erb within layouts/application
  [1m[36mCat Load (0.6ms)[0m  [1m[34mSELECT "cats".* FROM "cats"[0m
  ↳ app/views/cats/index.html.erb:3
  Rendered cats/index.html.erb within layouts/application (3.2ms)
Completed 200 OK in 33ms (Views: 31.2ms | ActiveRecord: 0.6ms)


  [1m[35m (0.1ms)[0m  [1m[35mBEGIN[0m
  [1m[36mCat Create (0.4ms)[0m  [1m[32mINSERT INTO "cats" ("birthdate", "color", "name", "sex", "description", "created_at", "updated_at") VALUES ($1, $2, $3, $4, $5, $6, $7) RETURNING "id"[0m  [["birthdate", "1978-06-19"], ["color", "orange"], ["name", "Garfield"], ["sex", "M"], ["description", "lasagna is the best!"], ["created_at", "2020-03-23 23:21:24.234941"], ["updated_at", "2020-03-23 23:21:24.234941"]]
  [1m[35m (0.6ms)[0m  [1m[35mCOMMIT[0m
  [1m[35m (0.1ms)[0m  [1m[35mBEGIN[0m
  [1m[36mCat Create (0.9ms)[0m  [1m[32mINSERT INTO "cats" ("birthdate", "color", "name", "sex", "description", "created_at", "updated_at") VALUES ($1, $2, $3, $4, $5, $6, $7) RETURNING "id"[0m  [["birthdate", 1], ["color", "rainbow"], ["name", "RainbowCat"], ["sex", "R"], ["description", "Mystical fluffy"], ["created_at", "2020-03-23 23:23:38.384190"], ["updated_at", "2020-03-23 23:23:38.384190"]]
  [1m[35m (0.2ms)[0m  [1m[31mROLLBACK[0m
  [1m[35m (0.2ms)[0m  [1m[35mBEGIN[0m
  [1m[36mCat Create (0.8ms)[0m  [1m[32mINSERT INTO "cats" ("birthdate", "color", "name", "sex", "description", "created_at", "updated_at") VALUES ($1, $2, $3, $4, $5, $6, $7) RETURNING "id"[0m  [["birthdate", 4200], ["color", "rainbow"], ["name", "RainbowCat"], ["sex", "R"], ["description", "Mystical fluffy"], ["created_at", "2020-03-23 23:24:29.561982"], ["updated_at", "2020-03-23 23:24:29.561982"]]
  [1m[35m (0.2ms)[0m  [1m[31mROLLBACK[0m
  [1m[35m (0.1ms)[0m  [1m[35mBEGIN[0m
  [1m[36mCat Create (0.7ms)[0m  [1m[32mINSERT INTO "cats" ("birthdate", "color", "name", "sex", "description", "created_at", "updated_at") VALUES ($1, $2, $3, $4, $5, $6, $7) RETURNING "id"[0m  [["birthdate", 29], ["color", "rainbow"], ["name", "RainbowCat"], ["sex", "R"], ["description", "Mystical fluffy"], ["created_at", "2020-03-23 23:25:04.237204"], ["updated_at", "2020-03-23 23:25:04.237204"]]
  [1m[35m (0.1ms)[0m  [1m[31mROLLBACK[0m
  [1m[35m (0.1ms)[0m  [1m[35mBEGIN[0m
  [1m[35m (0.2ms)[0m  [1m[31mROLLBACK[0m
  [1m[35m (0.2ms)[0m  [1m[35mBEGIN[0m
  [1m[36mCat Create (0.2ms)[0m  [1m[32mINSERT INTO "cats" ("birthdate", "color", "name", "sex", "description", "created_at", "updated_at") VALUES ($1, $2, $3, $4, $5, $6, $7) RETURNING "id"[0m  [["birthdate", "2020-03-23"], ["color", "rainbow"], ["name", "RainbowCat"], ["sex", "R"], ["description", "Mystical fluffy"], ["created_at", "2020-03-23 23:27:06.803257"], ["updated_at", "2020-03-23 23:27:06.803257"]]
  [1m[35m (0.6ms)[0m  [1m[35mCOMMIT[0m
  [1m[36mCat Exists (0.2ms)[0m  [1m[34mSELECT  1 AS one FROM "cats" LIMIT $1[0m  [["LIMIT", 1]]
  ↳ /home/bhasty/.rbenv/versions/2.5.1/lib/ruby/gems/2.5.0/gems/seed_dump-3.3.1/lib/seed_dump/environment.rb:77
  [1m[35m (0.2ms)[0m  [1m[34mSELECT COUNT(*) FROM "cats"[0m
  ↳ /home/bhasty/.rbenv/versions/2.5.1/lib/ruby/gems/2.5.0/gems/seed_dump-3.3.1/lib/seed_dump/dump_methods.rb:6
DEPRECATION WARNING: Dangerous query method (method whose arguments are used as raw SQL) called with non-attribute argument(s): "\"cats\".\"id\" ASC". Non-attribute arguments will be disallowed in Rails 6.0. This method should not be called with user-provided values, such as request parameters or model attributes. Known-safe values can be passed by wrapping them in Arel.sql(). (called from active_record_enumeration at /home/bhasty/.rbenv/versions/2.5.1/lib/ruby/gems/2.5.0/gems/seed_dump-3.3.1/lib/seed_dump/dump_methods/enumeration.rb:8)
  [1m[35m (0.2ms)[0m  [1m[34mSELECT COUNT(*) FROM "cats"[0m
  ↳ /home/bhasty/.rbenv/versions/2.5.1/lib/ruby/gems/2.5.0/gems/seed_dump-3.3.1/lib/seed_dump/dump_methods/enumeration.rb:59
  [1m[36mCat Load (0.1ms)[0m  [1m[34mSELECT  "cats".* FROM "cats" LIMIT $1 OFFSET $2[0m  [["LIMIT", 3], ["OFFSET", 0]]
  ↳ /home/bhasty/.rbenv/versions/2.5.1/lib/ruby/gems/2.5.0/gems/seed_dump-3.3.1/lib/seed_dump/dump_methods/enumeration.rb:27
Started GET "/cats" for 127.0.0.1 at 2020-03-23 16:27:37 -0700
Processing by CatsController#index as HTML
  Rendering cats/index.html.erb within layouts/application
  [1m[36mCat Load (0.4ms)[0m  [1m[34mSELECT "cats".* FROM "cats"[0m
  ↳ app/views/cats/index.html.erb:3
  Rendered cats/index.html.erb within layouts/application (4.5ms)
Completed 200 OK in 15ms (Views: 14.4ms | ActiveRecord: 0.4ms)


Started GET "/cats/2%" for 127.0.0.1 at 2020-03-23 16:27:41 -0700
Processing by CatsController#show as HTML
  Parameters: {"id"=>"2%"}
  [1m[36mCat Load (0.5ms)[0m  [1m[34mSELECT  "cats".* FROM "cats" WHERE "cats"."id" = $1 LIMIT $2[0m  [["id", 2], ["LIMIT", 1]]
  ↳ app/controllers/cats_controller.rb:9
  Rendering cats/show.html.erb within layouts/application
  Rendered cats/show.html.erb within layouts/application (1.2ms)
Completed 200 OK in 33ms (Views: 29.1ms | ActiveRecord: 0.8ms)


Started GET "/cats" for 127.0.0.1 at 2020-03-23 16:27:45 -0700
Processing by CatsController#index as HTML
  Rendering cats/index.html.erb within layouts/application
  [1m[36mCat Load (0.2ms)[0m  [1m[34mSELECT "cats".* FROM "cats"[0m
  ↳ app/views/cats/index.html.erb:3
  Rendered cats/index.html.erb within layouts/application (1.4ms)
Completed 200 OK in 13ms (Views: 12.2ms | ActiveRecord: 0.2ms)


Started GET "/cats/3%" for 127.0.0.1 at 2020-03-23 16:27:46 -0700
Processing by CatsController#show as HTML
  Parameters: {"id"=>"3%"}
  [1m[36mCat Load (0.2ms)[0m  [1m[34mSELECT  "cats".* FROM "cats" WHERE "cats"."id" = $1 LIMIT $2[0m  [["id", 3], ["LIMIT", 1]]
  ↳ app/controllers/cats_controller.rb:9
  Rendering cats/show.html.erb within layouts/application
  Rendered cats/show.html.erb within layouts/application (0.4ms)
Completed 200 OK in 13ms (Views: 11.9ms | ActiveRecord: 0.2ms)


Started GET "/cats" for 127.0.0.1 at 2020-03-23 16:27:51 -0700
Processing by CatsController#index as HTML
  Rendering cats/index.html.erb within layouts/application
  [1m[36mCat Load (0.2ms)[0m  [1m[34mSELECT "cats".* FROM "cats"[0m
  ↳ app/views/cats/index.html.erb:3
  Rendered cats/index.html.erb within layouts/application (1.4ms)
Completed 200 OK in 13ms (Views: 12.6ms | ActiveRecord: 0.2ms)


Started GET "/cats" for 127.0.0.1 at 2020-03-23 16:36:10 -0700
Processing by CatsController#index as HTML
  Rendering cats/index.html.erb within layouts/application
  [1m[36mCat Load (0.3ms)[0m  [1m[34mSELECT "cats".* FROM "cats"[0m
  ↳ app/views/cats/index.html.erb:3
  Rendered cats/index.html.erb within layouts/application (1.3ms)
Completed 200 OK in 12ms (Views: 11.4ms | ActiveRecord: 0.3ms)


Started GET "/cats/2%" for 127.0.0.1 at 2020-03-23 16:36:15 -0700
Processing by CatsController#show as HTML
  Parameters: {"id"=>"2%"}
  [1m[36mCat Load (0.2ms)[0m  [1m[34mSELECT  "cats".* FROM "cats" WHERE "cats"."id" = $1 LIMIT $2[0m  [["id", 2], ["LIMIT", 1]]
  ↳ app/controllers/cats_controller.rb:9
  Rendering cats/show.html.erb within layouts/application
  Rendered cats/show.html.erb within layouts/application (0.5ms)
Completed 200 OK in 22ms (Views: 20.1ms | ActiveRecord: 0.3ms)


Started GET "/cats/2%" for 127.0.0.1 at 2020-03-23 16:38:05 -0700
Processing by CatsController#show as HTML
  Parameters: {"id"=>"2%"}
  [1m[36mCat Load (0.3ms)[0m  [1m[34mSELECT  "cats".* FROM "cats" WHERE "cats"."id" = $1 LIMIT $2[0m  [["id", 2], ["LIMIT", 1]]
  ↳ app/controllers/cats_controller.rb:9
  Rendering cats/show.html.erb within layouts/application
  Rendered cats/show.html.erb within layouts/application (0.6ms)
Completed 200 OK in 12ms (Views: 11.2ms | ActiveRecord: 0.3ms)


Started GET "/cats" for 127.0.0.1 at 2020-03-23 16:38:13 -0700
Processing by CatsController#index as HTML
  Rendering cats/index.html.erb within layouts/application
  [1m[36mCat Load (0.2ms)[0m  [1m[34mSELECT "cats".* FROM "cats"[0m
  ↳ app/views/cats/index.html.erb:3
  Rendered cats/index.html.erb within layouts/application (1.1ms)
Completed 200 OK in 11ms (Views: 10.2ms | ActiveRecord: 0.2ms)


Started GET "/cats/1%" for 127.0.0.1 at 2020-03-23 16:38:14 -0700
Processing by CatsController#show as HTML
  Parameters: {"id"=>"1%"}
  [1m[36mCat Load (0.3ms)[0m  [1m[34mSELECT  "cats".* FROM "cats" WHERE "cats"."id" = $1 LIMIT $2[0m  [["id", 1], ["LIMIT", 1]]
  ↳ app/controllers/cats_controller.rb:9
  Rendering cats/show.html.erb within layouts/application
  Rendered cats/show.html.erb within layouts/application (0.3ms)
Completed 200 OK in 10ms (Views: 9.0ms | ActiveRecord: 0.3ms)


Started GET "/cats" for 127.0.0.1 at 2020-03-23 16:38:17 -0700
Processing by CatsController#index as HTML
  Rendering cats/index.html.erb within layouts/application
  [1m[36mCat Load (0.2ms)[0m  [1m[34mSELECT "cats".* FROM "cats"[0m
  ↳ app/views/cats/index.html.erb:3
  Rendered cats/index.html.erb within layouts/application (1.4ms)
Completed 200 OK in 13ms (Views: 12.4ms | ActiveRecord: 0.2ms)


Started GET "/cats/3%" for 127.0.0.1 at 2020-03-23 16:38:18 -0700
Processing by CatsController#show as HTML
  Parameters: {"id"=>"3%"}
  [1m[36mCat Load (0.2ms)[0m  [1m[34mSELECT  "cats".* FROM "cats" WHERE "cats"."id" = $1 LIMIT $2[0m  [["id", 3], ["LIMIT", 1]]
  ↳ app/controllers/cats_controller.rb:9
  Rendering cats/show.html.erb within layouts/application
  Rendered cats/show.html.erb within layouts/application (0.5ms)
Completed 200 OK in 10ms (Views: 9.5ms | ActiveRecord: 0.2ms)


Started GET "/cats" for 127.0.0.1 at 2020-03-23 16:38:19 -0700
Processing by CatsController#index as HTML
  Rendering cats/index.html.erb within layouts/application
  [1m[36mCat Load (0.2ms)[0m  [1m[34mSELECT "cats".* FROM "cats"[0m
  ↳ app/views/cats/index.html.erb:3
  Rendered cats/index.html.erb within layouts/application (1.7ms)
Completed 200 OK in 13ms (Views: 12.8ms | ActiveRecord: 0.2ms)


Started GET "/cats/2%" for 127.0.0.1 at 2020-03-23 16:38:21 -0700
Processing by CatsController#show as HTML
  Parameters: {"id"=>"2%"}
  [1m[36mCat Load (0.2ms)[0m  [1m[34mSELECT  "cats".* FROM "cats" WHERE "cats"."id" = $1 LIMIT $2[0m  [["id", 2], ["LIMIT", 1]]
  ↳ app/controllers/cats_controller.rb:9
  Rendering cats/show.html.erb within layouts/application
  Rendered cats/show.html.erb within layouts/application (0.6ms)
Completed 200 OK in 11ms (Views: 10.1ms | ActiveRecord: 0.2ms)


Started GET "/cats" for 127.0.0.1 at 2020-03-23 16:38:27 -0700
Processing by CatsController#index as HTML
  Rendering cats/index.html.erb within layouts/application
  [1m[36mCat Load (0.2ms)[0m  [1m[34mSELECT "cats".* FROM "cats"[0m
  ↳ app/views/cats/index.html.erb:3
  Rendered cats/index.html.erb within layouts/application (2.1ms)
Completed 200 OK in 14ms (Views: 13.4ms | ActiveRecord: 0.2ms)


Started GET "/cats/3%" for 127.0.0.1 at 2020-03-23 16:38:28 -0700
Processing by CatsController#show as HTML
  Parameters: {"id"=>"3%"}
  [1m[36mCat Load (0.5ms)[0m  [1m[34mSELECT  "cats".* FROM "cats" WHERE "cats"."id" = $1 LIMIT $2[0m  [["id", 3], ["LIMIT", 1]]
  ↳ app/controllers/cats_controller.rb:9
  Rendering cats/show.html.erb within layouts/application
  Rendered cats/show.html.erb within layouts/application (1.8ms)
Completed 200 OK in 35ms (Views: 32.1ms | ActiveRecord: 0.5ms)


Started GET "/cats" for 127.0.0.1 at 2020-03-23 16:39:02 -0700
Processing by CatsController#index as HTML
  Rendering cats/index.html.erb within layouts/application
  [1m[36mCat Load (0.2ms)[0m  [1m[34mSELECT "cats".* FROM "cats"[0m
  ↳ app/views/cats/index.html.erb:3
  Rendered cats/index.html.erb within layouts/application (1.2ms)
Completed 200 OK in 11ms (Views: 10.6ms | ActiveRecord: 0.2ms)


  [1m[35m (0.1ms)[0m  [1m[35mBEGIN[0m
  [1m[36mCat Create (0.5ms)[0m  [1m[32mINSERT INTO "cats" ("birthdate", "color", "name", "sex", "description", "created_at", "updated_at") VALUES ($1, $2, $3, $4, $5, $6, $7) RETURNING "id"[0m  [["birthdate", "2020-03-22"], ["color", "blue"], ["name", "LOUDMOUTH!"], ["sex", "M"], ["description", "AAAAAAAAAAAAAAAAAAAAAAAAAAAAAAAAAAAAAAAAAAAAAAAAAAAAAAAAAAAAAAAAAAAAAAAAAAAAAAAAAAAAAAAAAAAAAAAAAAAAAAAAAAAAAAAAAAAAAAAAAA"], ["created_at", "2020-03-23 23:41:06.109768"], ["updated_at", "2020-03-23 23:41:06.109768"]]
  [1m[35m (0.6ms)[0m  [1m[35mCOMMIT[0m
  [1m[36mCat Exists (0.2ms)[0m  [1m[34mSELECT  1 AS one FROM "cats" LIMIT $1[0m  [["LIMIT", 1]]
  ↳ /home/bhasty/.rbenv/versions/2.5.1/lib/ruby/gems/2.5.0/gems/seed_dump-3.3.1/lib/seed_dump/environment.rb:77
  [1m[35m (0.2ms)[0m  [1m[34mSELECT COUNT(*) FROM "cats"[0m
  ↳ /home/bhasty/.rbenv/versions/2.5.1/lib/ruby/gems/2.5.0/gems/seed_dump-3.3.1/lib/seed_dump/dump_methods.rb:6
DEPRECATION WARNING: Dangerous query method (method whose arguments are used as raw SQL) called with non-attribute argument(s): "\"cats\".\"id\" ASC". Non-attribute arguments will be disallowed in Rails 6.0. This method should not be called with user-provided values, such as request parameters or model attributes. Known-safe values can be passed by wrapping them in Arel.sql(). (called from active_record_enumeration at /home/bhasty/.rbenv/versions/2.5.1/lib/ruby/gems/2.5.0/gems/seed_dump-3.3.1/lib/seed_dump/dump_methods/enumeration.rb:8)
  [1m[35m (0.2ms)[0m  [1m[34mSELECT COUNT(*) FROM "cats"[0m
  ↳ /home/bhasty/.rbenv/versions/2.5.1/lib/ruby/gems/2.5.0/gems/seed_dump-3.3.1/lib/seed_dump/dump_methods/enumeration.rb:59
  [1m[36mCat Load (0.1ms)[0m  [1m[34mSELECT  "cats".* FROM "cats" LIMIT $1 OFFSET $2[0m  [["LIMIT", 4], ["OFFSET", 0]]
  ↳ /home/bhasty/.rbenv/versions/2.5.1/lib/ruby/gems/2.5.0/gems/seed_dump-3.3.1/lib/seed_dump/dump_methods/enumeration.rb:27
Started GET "/cats" for 127.0.0.1 at 2020-03-23 16:41:20 -0700
Processing by CatsController#index as HTML
  Rendering cats/index.html.erb within layouts/application
  [1m[36mCat Load (0.2ms)[0m  [1m[34mSELECT "cats".* FROM "cats"[0m
  ↳ app/views/cats/index.html.erb:3
  Rendered cats/index.html.erb within layouts/application (1.7ms)
Completed 200 OK in 14ms (Views: 13.4ms | ActiveRecord: 0.2ms)


Started GET "/cats/4%" for 127.0.0.1 at 2020-03-23 16:41:23 -0700
Processing by CatsController#show as HTML
  Parameters: {"id"=>"4%"}
  [1m[36mCat Load (0.2ms)[0m  [1m[34mSELECT  "cats".* FROM "cats" WHERE "cats"."id" = $1 LIMIT $2[0m  [["id", 4], ["LIMIT", 1]]
  ↳ app/controllers/cats_controller.rb:9
  Rendering cats/show.html.erb within layouts/application
  Rendered cats/show.html.erb within layouts/application (0.6ms)
Completed 200 OK in 12ms (Views: 10.6ms | ActiveRecord: 0.2ms)


Started GET "/cats/4%" for 127.0.0.1 at 2020-03-23 16:42:06 -0700
Processing by CatsController#show as HTML
  Parameters: {"id"=>"4%"}
  [1m[36mCat Load (0.2ms)[0m  [1m[34mSELECT  "cats".* FROM "cats" WHERE "cats"."id" = $1 LIMIT $2[0m  [["id", 4], ["LIMIT", 1]]
  ↳ app/controllers/cats_controller.rb:9
  Rendering cats/show.html.erb within layouts/application
  Rendered cats/show.html.erb within layouts/application (0.7ms)
Completed 200 OK in 13ms (Views: 11.8ms | ActiveRecord: 0.2ms)


Started GET "/cats" for 127.0.0.1 at 2020-03-23 16:53:21 -0700
Processing by CatsController#index as HTML
  Rendering cats/index.html.erb within layouts/application
  [1m[36mCat Load (0.6ms)[0m  [1m[34mSELECT "cats".* FROM "cats"[0m
  ↳ app/views/cats/index.html.erb:3
  Rendered cats/index.html.erb within layouts/application (11.4ms)
Completed 200 OK in 37ms (Views: 28.8ms | ActiveRecord: 4.1ms)


Started GET "/cats/1%" for 127.0.0.1 at 2020-03-23 16:53:23 -0700
Processing by CatsController#show as HTML
  Parameters: {"id"=>"1%"}
  [1m[36mCat Load (0.2ms)[0m  [1m[34mSELECT  "cats".* FROM "cats" WHERE "cats"."id" = $1 LIMIT $2[0m  [["id", 1], ["LIMIT", 1]]
  ↳ app/controllers/cats_controller.rb:9
  Rendering cats/show.html.erb within layouts/application
  Rendered cats/show.html.erb within layouts/application (0.6ms)
Completed 200 OK in 10ms (Views: 8.5ms | ActiveRecord: 0.3ms)


Started GET "/cats" for 127.0.0.1 at 2020-03-23 16:53:25 -0700
Processing by CatsController#index as HTML
  Rendering cats/index.html.erb within layouts/application
  [1m[36mCat Load (0.3ms)[0m  [1m[34mSELECT "cats".* FROM "cats"[0m
  ↳ app/views/cats/index.html.erb:3
  Rendered cats/index.html.erb within layouts/application (1.3ms)
Completed 200 OK in 10ms (Views: 9.1ms | ActiveRecord: 0.3ms)


Started GET "/cats/new" for 127.0.0.1 at 2020-03-23 16:53:33 -0700
Processing by CatsController#new as HTML
  Rendering cats/new.html.erb within layouts/application
  Rendered cats/new.html.erb within layouts/application (0.4ms)
Completed 200 OK in 10ms (Views: 9.6ms | ActiveRecord: 0.0ms)


Started GET "/cats/new" for 127.0.0.1 at 2020-03-23 16:54:12 -0700
Processing by CatsController#new as HTML
  Rendering cats/new.html.erb within layouts/application
  Rendered cats/new.html.erb within layouts/application (1.0ms)
Completed 200 OK in 25ms (Views: 24.5ms | ActiveRecord: 0.0ms)


Started GET "/cats/new" for 127.0.0.1 at 2020-03-23 16:55:05 -0700
Processing by CatsController#new as HTML
  Rendering cats/new.html.erb within layouts/application
  Rendered cats/new.html.erb within layouts/application (1.2ms)
Completed 200 OK in 28ms (Views: 27.3ms | ActiveRecord: 0.0ms)


Started GET "/cats/new" for 127.0.0.1 at 2020-03-23 16:55:19 -0700
Processing by CatsController#new as HTML
  Rendering cats/new.html.erb within layouts/application
  Rendered cats/new.html.erb within layouts/application (0.6ms)
Completed 200 OK in 9ms (Views: 8.6ms | ActiveRecord: 0.0ms)


